<?xml version="1.0" encoding="UTF-8"?>
<testsuite xmlns:xsi="http://www.w3.org/2001/XMLSchema-instance" xsi:noNamespaceSchemaLocation="https://maven.apache.org/surefire/maven-surefire-plugin/xsd/surefire-test-report.xsd" name="TestSuite" time="89.854" tests="12" errors="0" skipped="0" failures="2">
  <properties>
    <property name="sun.desktop" value="windows"/>
    <property name="awt.toolkit" value="sun.awt.windows.WToolkit"/>
    <property name="file.encoding.pkg" value="sun.io"/>
    <property name="java.specification.version" value="1.8"/>
    <property name="sun.cpu.isalist" value="amd64"/>
    <property name="sun.jnu.encoding" value="Cp1252"/>
    <property name="java.class.path" value="C:\Users\w_ahs\eclipse-workspace\TestNG_Hybrid_TutorialsNinja\target\test-classes;C:\Users\w_ahs\eclipse-workspace\TestNG_Hybrid_TutorialsNinja\target\classes;C:\Users\w_ahs\.m2\repository\com\github\ralfstuckert\pdfbox-layout\pdfbox2-layout\1.0.1\pdfbox2-layout-1.0.1.jar;C:\Users\w_ahs\.m2\repository\org\apache\pdfbox\pdfbox\2.0.4\pdfbox-2.0.4.jar;C:\Users\w_ahs\.m2\repository\org\apache\pdfbox\fontbox\2.0.4\fontbox-2.0.4.jar;C:\Program Files\Java\jdk1.8.0_333\lib\tools.jar;C:\Users\w_ahs\.m2\repository\org\seleniumhq\selenium\selenium-java\4.13.0\selenium-java-4.13.0.jar;C:\Users\w_ahs\.m2\repository\org\seleniumhq\selenium\selenium-api\4.13.0\selenium-api-4.13.0.jar;C:\Users\w_ahs\.m2\repository\org\seleniumhq\selenium\selenium-chrome-driver\4.13.0\selenium-chrome-driver-4.13.0.jar;C:\Users\w_ahs\.m2\repository\com\google\auto\service\auto-service-annotations\1.1.1\auto-service-annotations-1.1.1.jar;C:\Users\w_ahs\.m2\repository\com\google\guava\guava\32.1.2-jre\guava-32.1.2-jre.jar;C:\Users\w_ahs\.m2\repository\com\google\guava\failureaccess\1.0.1\failureaccess-1.0.1.jar;C:\Users\w_ahs\.m2\repository\com\google\guava\listenablefuture\9999.0-empty-to-avoid-conflict-with-guava\listenablefuture-9999.0-empty-to-avoid-conflict-with-guava.jar;C:\Users\w_ahs\.m2\repository\org\checkerframework\checker-qual\3.33.0\checker-qual-3.33.0.jar;C:\Users\w_ahs\.m2\repository\com\google\errorprone\error_prone_annotations\2.18.0\error_prone_annotations-2.18.0.jar;C:\Users\w_ahs\.m2\repository\com\google\j2objc\j2objc-annotations\2.8\j2objc-annotations-2.8.jar;C:\Users\w_ahs\.m2\repository\org\seleniumhq\selenium\selenium-chromium-driver\4.13.0\selenium-chromium-driver-4.13.0.jar;C:\Users\w_ahs\.m2\repository\org\seleniumhq\selenium\selenium-json\4.13.0\selenium-json-4.13.0.jar;C:\Users\w_ahs\.m2\repository\org\seleniumhq\selenium\selenium-manager\4.13.0\selenium-manager-4.13.0.jar;C:\Users\w_ahs\.m2\repository\org\seleniumhq\selenium\selenium-devtools-v115\4.13.0\selenium-devtools-v115-4.13.0.jar;C:\Users\w_ahs\.m2\repository\org\seleniumhq\selenium\selenium-devtools-v116\4.13.0\selenium-devtools-v116-4.13.0.jar;C:\Users\w_ahs\.m2\repository\org\seleniumhq\selenium\selenium-devtools-v117\4.13.0\selenium-devtools-v117-4.13.0.jar;C:\Users\w_ahs\.m2\repository\org\seleniumhq\selenium\selenium-devtools-v85\4.13.0\selenium-devtools-v85-4.13.0.jar;C:\Users\w_ahs\.m2\repository\org\seleniumhq\selenium\selenium-edge-driver\4.13.0\selenium-edge-driver-4.13.0.jar;C:\Users\w_ahs\.m2\repository\org\seleniumhq\selenium\selenium-firefox-driver\4.13.0\selenium-firefox-driver-4.13.0.jar;C:\Users\w_ahs\.m2\repository\org\seleniumhq\selenium\selenium-http\4.13.0\selenium-http-4.13.0.jar;C:\Users\w_ahs\.m2\repository\dev\failsafe\failsafe\3.3.2\failsafe-3.3.2.jar;C:\Users\w_ahs\.m2\repository\org\seleniumhq\selenium\selenium-ie-driver\4.13.0\selenium-ie-driver-4.13.0.jar;C:\Users\w_ahs\.m2\repository\org\seleniumhq\selenium\selenium-remote-driver\4.13.0\selenium-remote-driver-4.13.0.jar;C:\Users\w_ahs\.m2\repository\io\netty\netty-buffer\4.1.96.Final\netty-buffer-4.1.96.Final.jar;C:\Users\w_ahs\.m2\repository\io\netty\netty-codec-http\4.1.96.Final\netty-codec-http-4.1.96.Final.jar;C:\Users\w_ahs\.m2\repository\io\netty\netty-codec\4.1.96.Final\netty-codec-4.1.96.Final.jar;C:\Users\w_ahs\.m2\repository\io\netty\netty-handler\4.1.96.Final\netty-handler-4.1.96.Final.jar;C:\Users\w_ahs\.m2\repository\io\netty\netty-common\4.1.96.Final\netty-common-4.1.96.Final.jar;C:\Users\w_ahs\.m2\repository\io\netty\netty-transport-classes-epoll\4.1.96.Final\netty-transport-classes-epoll-4.1.96.Final.jar;C:\Users\w_ahs\.m2\repository\io\netty\netty-transport-classes-kqueue\4.1.96.Final\netty-transport-classes-kqueue-4.1.96.Final.jar;C:\Users\w_ahs\.m2\repository\io\netty\netty-transport-native-epoll\4.1.96.Final\netty-transport-native-epoll-4.1.96.Final.jar;C:\Users\w_ahs\.m2\repository\io\netty\netty-transport-native-kqueue\4.1.96.Final\netty-transport-native-kqueue-4.1.96.Final.jar;C:\Users\w_ahs\.m2\repository\io\netty\netty-transport-native-unix-common\4.1.96.Final\netty-transport-native-unix-common-4.1.96.Final.jar;C:\Users\w_ahs\.m2\repository\io\netty\netty-transport\4.1.96.Final\netty-transport-4.1.96.Final.jar;C:\Users\w_ahs\.m2\repository\io\netty\netty-resolver\4.1.96.Final\netty-resolver-4.1.96.Final.jar;C:\Users\w_ahs\.m2\repository\io\opentelemetry\opentelemetry-api\1.28.0\opentelemetry-api-1.28.0.jar;C:\Users\w_ahs\.m2\repository\io\opentelemetry\opentelemetry-context\1.28.0\opentelemetry-context-1.28.0.jar;C:\Users\w_ahs\.m2\repository\io\opentelemetry\opentelemetry-exporter-logging\1.28.0\opentelemetry-exporter-logging-1.28.0.jar;C:\Users\w_ahs\.m2\repository\io\opentelemetry\opentelemetry-sdk-metrics\1.28.0\opentelemetry-sdk-metrics-1.28.0.jar;C:\Users\w_ahs\.m2\repository\io\opentelemetry\opentelemetry-extension-incubator\1.28.0-alpha\opentelemetry-extension-incubator-1.28.0-alpha.jar;C:\Users\w_ahs\.m2\repository\io\opentelemetry\opentelemetry-sdk-logs\1.28.0\opentelemetry-sdk-logs-1.28.0.jar;C:\Users\w_ahs\.m2\repository\io\opentelemetry\opentelemetry-sdk-common\1.28.0\opentelemetry-sdk-common-1.28.0.jar;C:\Users\w_ahs\.m2\repository\io\opentelemetry\opentelemetry-sdk-extension-autoconfigure-spi\1.28.0\opentelemetry-sdk-extension-autoconfigure-spi-1.28.0.jar;C:\Users\w_ahs\.m2\repository\io\opentelemetry\opentelemetry-sdk-extension-autoconfigure\1.28.0\opentelemetry-sdk-extension-autoconfigure-1.28.0.jar;C:\Users\w_ahs\.m2\repository\io\opentelemetry\opentelemetry-api-events\1.28.0-alpha\opentelemetry-api-events-1.28.0-alpha.jar;C:\Users\w_ahs\.m2\repository\io\opentelemetry\opentelemetry-sdk-trace\1.28.0\opentelemetry-sdk-trace-1.28.0.jar;C:\Users\w_ahs\.m2\repository\io\opentelemetry\opentelemetry-sdk\1.28.0\opentelemetry-sdk-1.28.0.jar;C:\Users\w_ahs\.m2\repository\io\opentelemetry\opentelemetry-semconv\1.28.0-alpha\opentelemetry-semconv-1.28.0-alpha.jar;C:\Users\w_ahs\.m2\repository\net\bytebuddy\byte-buddy\1.14.5\byte-buddy-1.14.5.jar;C:\Users\w_ahs\.m2\repository\org\asynchttpclient\async-http-client\2.12.3\async-http-client-2.12.3.jar;C:\Users\w_ahs\.m2\repository\org\asynchttpclient\async-http-client-netty-utils\2.12.3\async-http-client-netty-utils-2.12.3.jar;C:\Users\w_ahs\.m2\repository\io\netty\netty-codec-socks\4.1.60.Final\netty-codec-socks-4.1.60.Final.jar;C:\Users\w_ahs\.m2\repository\io\netty\netty-handler-proxy\4.1.60.Final\netty-handler-proxy-4.1.60.Final.jar;C:\Users\w_ahs\.m2\repository\io\netty\netty-transport-native-epoll\4.1.60.Final\netty-transport-native-epoll-4.1.60.Final-linux-x86_64.jar;C:\Users\w_ahs\.m2\repository\io\netty\netty-transport-native-kqueue\4.1.60.Final\netty-transport-native-kqueue-4.1.60.Final-osx-x86_64.jar;C:\Users\w_ahs\.m2\repository\org\reactivestreams\reactive-streams\1.0.3\reactive-streams-1.0.3.jar;C:\Users\w_ahs\.m2\repository\com\typesafe\netty\netty-reactive-streams\2.0.4\netty-reactive-streams-2.0.4.jar;C:\Users\w_ahs\.m2\repository\com\sun\activation\jakarta.activation\1.2.2\jakarta.activation-1.2.2.jar;C:\Users\w_ahs\.m2\repository\org\seleniumhq\selenium\selenium-os\4.13.0\selenium-os-4.13.0.jar;C:\Users\w_ahs\.m2\repository\org\apache\commons\commons-exec\1.3\commons-exec-1.3.jar;C:\Users\w_ahs\.m2\repository\org\seleniumhq\selenium\selenium-safari-driver\4.13.0\selenium-safari-driver-4.13.0.jar;C:\Users\w_ahs\.m2\repository\org\seleniumhq\selenium\selenium-support\4.13.0\selenium-support-4.13.0.jar;C:\Users\w_ahs\.m2\repository\org\testng\testng\7.5\testng-7.5.jar;C:\Users\w_ahs\.m2\repository\com\google\code\findbugs\jsr305\3.0.1\jsr305-3.0.1.jar;C:\Users\w_ahs\.m2\repository\org\slf4j\slf4j-api\1.7.32\slf4j-api-1.7.32.jar;C:\Users\w_ahs\.m2\repository\com\beust\jcommander\1.78\jcommander-1.78.jar;C:\Users\w_ahs\.m2\repository\org\webjars\jquery\3.5.1\jquery-3.5.1.jar;C:\Users\w_ahs\.m2\repository\io\appium\java-client\7.5.1\java-client-7.5.1.jar;C:\Users\w_ahs\.m2\repository\com\google\code\gson\gson\2.8.6\gson-2.8.6.jar;C:\Users\w_ahs\.m2\repository\org\apache\httpcomponents\httpclient\4.5.13\httpclient-4.5.13.jar;C:\Users\w_ahs\.m2\repository\org\apache\httpcomponents\httpcore\4.4.13\httpcore-4.4.13.jar;C:\Users\w_ahs\.m2\repository\cglib\cglib\3.3.0\cglib-3.3.0.jar;C:\Users\w_ahs\.m2\repository\commons-validator\commons-validator\1.7\commons-validator-1.7.jar;C:\Users\w_ahs\.m2\repository\commons-beanutils\commons-beanutils\1.9.4\commons-beanutils-1.9.4.jar;C:\Users\w_ahs\.m2\repository\commons-digester\commons-digester\2.1\commons-digester-2.1.jar;C:\Users\w_ahs\.m2\repository\org\apache\commons\commons-lang3\3.12.0\commons-lang3-3.12.0.jar;C:\Users\w_ahs\.m2\repository\org\springframework\spring-context\5.3.4\spring-context-5.3.4.jar;C:\Users\w_ahs\.m2\repository\org\springframework\spring-aop\5.3.4\spring-aop-5.3.4.jar;C:\Users\w_ahs\.m2\repository\org\springframework\spring-beans\5.3.4\spring-beans-5.3.4.jar;C:\Users\w_ahs\.m2\repository\org\springframework\spring-core\5.3.4\spring-core-5.3.4.jar;C:\Users\w_ahs\.m2\repository\org\springframework\spring-jcl\5.3.4\spring-jcl-5.3.4.jar;C:\Users\w_ahs\.m2\repository\org\springframework\spring-expression\5.3.4\spring-expression-5.3.4.jar;C:\Users\w_ahs\.m2\repository\org\aspectj\aspectjweaver\1.9.6\aspectjweaver-1.9.6.jar;C:\Users\w_ahs\.m2\repository\io\github\bonigarcia\webdrivermanager\5.7.0\webdrivermanager-5.7.0.jar;C:\Users\w_ahs\.m2\repository\com\github\docker-java\docker-java\3.3.5\docker-java-3.3.5.jar;C:\Users\w_ahs\.m2\repository\com\github\docker-java\docker-java-core\3.3.5\docker-java-core-3.3.5.jar;C:\Users\w_ahs\.m2\repository\com\github\docker-java\docker-java-api\3.3.5\docker-java-api-3.3.5.jar;C:\Users\w_ahs\.m2\repository\org\bouncycastle\bcpkix-jdk18on\1.76\bcpkix-jdk18on-1.76.jar;C:\Users\w_ahs\.m2\repository\org\bouncycastle\bcprov-jdk18on\1.76\bcprov-jdk18on-1.76.jar;C:\Users\w_ahs\.m2\repository\org\bouncycastle\bcutil-jdk18on\1.76\bcutil-jdk18on-1.76.jar;C:\Users\w_ahs\.m2\repository\org\slf4j\jcl-over-slf4j\1.7.30\jcl-over-slf4j-1.7.30.jar;C:\Users\w_ahs\.m2\repository\com\github\docker-java\docker-java-transport-httpclient5\3.3.5\docker-java-transport-httpclient5-3.3.5.jar;C:\Users\w_ahs\.m2\repository\com\github\docker-java\docker-java-transport\3.3.5\docker-java-transport-3.3.5.jar;C:\Users\w_ahs\.m2\repository\net\java\dev\jna\jna\5.13.0\jna-5.13.0.jar;C:\Users\w_ahs\.m2\repository\org\brotli\dec\0.1.2\dec-0.1.2.jar;C:\Users\w_ahs\.m2\repository\org\apache\commons\commons-compress\1.26.0\commons-compress-1.26.0.jar;C:\Users\w_ahs\.m2\repository\org\apache\httpcomponents\client5\httpclient5\5.2.1\httpclient5-5.2.1.jar;C:\Users\w_ahs\.m2\repository\org\apache\httpcomponents\core5\httpcore5\5.2\httpcore5-5.2.jar;C:\Users\w_ahs\.m2\repository\org\apache\httpcomponents\core5\httpcore5-h2\5.2\httpcore5-h2-5.2.jar;C:\Users\w_ahs\.m2\repository\io\cucumber\cucumber-core\6.10.4\cucumber-core-6.10.4.jar;C:\Users\w_ahs\.m2\repository\io\cucumber\cucumber-gherkin\6.10.4\cucumber-gherkin-6.10.4.jar;C:\Users\w_ahs\.m2\repository\io\cucumber\cucumber-gherkin-messages\6.10.4\cucumber-gherkin-messages-6.10.4.jar;C:\Users\w_ahs\.m2\repository\io\cucumber\messages\15.0.0\messages-15.0.0.jar;C:\Users\w_ahs\.m2\repository\io\cucumber\tag-expressions\3.0.1\tag-expressions-3.0.1.jar;C:\Users\w_ahs\.m2\repository\io\cucumber\cucumber-expressions\10.3.0\cucumber-expressions-10.3.0.jar;C:\Users\w_ahs\.m2\repository\io\cucumber\datatable\3.5.0\datatable-3.5.0.jar;C:\Users\w_ahs\.m2\repository\io\cucumber\cucumber-plugin\6.10.4\cucumber-plugin-6.10.4.jar;C:\Users\w_ahs\.m2\repository\io\cucumber\docstring\6.10.4\docstring-6.10.4.jar;C:\Users\w_ahs\.m2\repository\io\cucumber\html-formatter\13.0.0\html-formatter-13.0.0.jar;C:\Users\w_ahs\.m2\repository\io\cucumber\create-meta\4.0.0\create-meta-4.0.0.jar;C:\Users\w_ahs\.m2\repository\org\apiguardian\apiguardian-api\1.1.1\apiguardian-api-1.1.1.jar;C:\Users\w_ahs\.m2\repository\io\cucumber\cucumber-java\6.10.4\cucumber-java-6.10.4.jar;C:\Users\w_ahs\.m2\repository\io\cucumber\cucumber-junit\6.10.4\cucumber-junit-6.10.4.jar;C:\Users\w_ahs\.m2\repository\io\cucumber\cucumber-testng\6.10.4\cucumber-testng-6.10.4.jar;C:\Users\w_ahs\.m2\repository\io\cucumber\cucumber-jvm-deps\1.0.6\cucumber-jvm-deps-1.0.6.jar;C:\Users\w_ahs\.m2\repository\net\masterthought\cucumber-reporting\5.5.3\cucumber-reporting-5.5.3.jar;C:\Users\w_ahs\.m2\repository\com\fasterxml\jackson\core\jackson-databind\2.12.1\jackson-databind-2.12.1.jar;C:\Users\w_ahs\.m2\repository\com\fasterxml\jackson\core\jackson-annotations\2.12.1\jackson-annotations-2.12.1.jar;C:\Users\w_ahs\.m2\repository\com\fasterxml\jackson\core\jackson-core\2.12.1\jackson-core-2.12.1.jar;C:\Users\w_ahs\.m2\repository\com\fasterxml\jackson\datatype\jackson-datatype-jsr310\2.12.1\jackson-datatype-jsr310-2.12.1.jar;C:\Users\w_ahs\.m2\repository\org\apache\velocity\velocity-engine-core\2.2\velocity-engine-core-2.2.jar;C:\Users\w_ahs\.m2\repository\commons-collections\commons-collections\3.2.2\commons-collections-3.2.2.jar;C:\Users\w_ahs\.m2\repository\joda-time\joda-time\2.10.9\joda-time-2.10.9.jar;C:\Users\w_ahs\.m2\repository\org\codehaus\plexus\plexus-utils\3.3.0\plexus-utils-3.3.0.jar;C:\Users\w_ahs\.m2\repository\org\jsoup\jsoup\1.13.1\jsoup-1.13.1.jar;C:\Users\w_ahs\.m2\repository\com\googlecode\owasp-java-html-sanitizer\owasp-java-html-sanitizer\20200713.1\owasp-java-html-sanitizer-20200713.1.jar;C:\Users\w_ahs\.m2\repository\commons-configuration\commons-configuration\1.10\commons-configuration-1.10.jar;C:\Users\w_ahs\.m2\repository\commons-lang\commons-lang\2.6\commons-lang-2.6.jar;C:\Users\w_ahs\.m2\repository\org\hamcrest\hamcrest-core\2.2\hamcrest-core-2.2.jar;C:\Users\w_ahs\.m2\repository\org\hamcrest\hamcrest\2.2\hamcrest-2.2.jar;C:\Users\w_ahs\.m2\repository\io\cucumber\gherkin\5.1.0\gherkin-5.1.0.jar;C:\Users\w_ahs\.m2\repository\io\cucumber\gherkin-jvm-deps\1.0.4\gherkin-jvm-deps-1.0.4.jar;C:\Users\w_ahs\.m2\repository\net\sourceforge\cobertura\cobertura\2.1.1\cobertura-2.1.1.jar;C:\Users\w_ahs\.m2\repository\org\ow2\asm\asm\5.0.1\asm-5.0.1.jar;C:\Users\w_ahs\.m2\repository\org\ow2\asm\asm-tree\5.0.1\asm-tree-5.0.1.jar;C:\Users\w_ahs\.m2\repository\org\ow2\asm\asm-commons\5.0.1\asm-commons-5.0.1.jar;C:\Users\w_ahs\.m2\repository\org\ow2\asm\asm-util\5.0.1\asm-util-5.0.1.jar;C:\Users\w_ahs\.m2\repository\org\ow2\asm\asm-analysis\5.0.1\asm-analysis-5.0.1.jar;C:\Users\w_ahs\.m2\repository\oro\oro\2.0.8\oro-2.0.8.jar;C:\Users\w_ahs\.m2\repository\jaxen\jaxen\1.1.4\jaxen-1.1.4.jar;C:\Users\w_ahs\.m2\repository\org\apache\ant\ant\1.8.3\ant-1.8.3.jar;C:\Users\w_ahs\.m2\repository\org\apache\ant\ant-launcher\1.8.3\ant-launcher-1.8.3.jar;C:\Users\w_ahs\.m2\repository\org\apache\ant\ant-junit\1.8.3\ant-junit-1.8.3.jar;C:\Users\w_ahs\.m2\repository\org\mortbay\jetty\servlet-api-2.5\6.1.14\servlet-api-2.5-6.1.14.jar;C:\Users\w_ahs\.m2\repository\org\mortbay\jetty\jetty\6.1.14\jetty-6.1.14.jar;C:\Users\w_ahs\.m2\repository\org\mortbay\jetty\jetty-util\6.1.14\jetty-util-6.1.14.jar;C:\Users\w_ahs\.m2\repository\ch\qos\logback\logback-classic\1.0.13\logback-classic-1.0.13.jar;C:\Users\w_ahs\.m2\repository\ch\qos\logback\logback-core\1.0.13\logback-core-1.0.13.jar;C:\Users\w_ahs\.m2\repository\junit\junit\4.11\junit-4.11.jar;C:\Users\w_ahs\.m2\repository\org\apache\poi\poi-ooxml\4.1.1\poi-ooxml-4.1.1.jar;C:\Users\w_ahs\.m2\repository\com\github\virtuald\curvesapi\1.06\curvesapi-1.06.jar;C:\Users\w_ahs\.m2\repository\org\apache\poi\poi\4.1.1\poi-4.1.1.jar;C:\Users\w_ahs\.m2\repository\commons-codec\commons-codec\1.13\commons-codec-1.13.jar;C:\Users\w_ahs\.m2\repository\org\apache\commons\commons-collections4\4.4\commons-collections4-4.4.jar;C:\Users\w_ahs\.m2\repository\org\apache\commons\commons-math3\3.6.1\commons-math3-3.6.1.jar;C:\Users\w_ahs\.m2\repository\org\apache\poi\poi-ooxml-schemas\4.1.1\poi-ooxml-schemas-4.1.1.jar;C:\Users\w_ahs\.m2\repository\org\apache\xmlbeans\xmlbeans\3.1.0\xmlbeans-3.1.0.jar;C:\Users\w_ahs\.m2\repository\commons-io\commons-io\2.6\commons-io-2.6.jar;C:\Users\w_ahs\.m2\repository\org\apache\httpcomponents\fluent-hc\4.5.13\fluent-hc-4.5.13.jar;C:\Users\w_ahs\.m2\repository\commons-logging\commons-logging\1.2\commons-logging-1.2.jar;C:\Users\w_ahs\.m2\repository\org\apache\poi\poi-scratchpad\4.1.1\poi-scratchpad-4.1.1.jar;C:\Users\w_ahs\.m2\repository\org\apache\poi\openxml4j\1.0-beta\openxml4j-1.0-beta.jar;C:\Users\w_ahs\.m2\repository\dom4j\dom4j\1.6.1\dom4j-1.6.1.jar;C:\Users\w_ahs\.m2\repository\xml-apis\xml-apis\1.0.b2\xml-apis-1.0.b2.jar;C:\Users\w_ahs\.m2\repository\log4j\log4j\1.2.8\log4j-1.2.8.jar;C:\Users\w_ahs\.m2\repository\com\googlecode\json-simple\json-simple\1.1.1\json-simple-1.1.1.jar;C:\Users\w_ahs\.m2\repository\tech\grasshopper\extentreports-cucumber6-adapter\2.6.0\extentreports-cucumber6-adapter-2.6.0.jar;C:\Users\w_ahs\.m2\repository\com\aventstack\extentreports\5.0.5\extentreports-5.0.5.jar;C:\Users\w_ahs\.m2\repository\io\reactivex\rxjava3\rxjava\3.0.4\rxjava-3.0.4.jar;C:\Users\w_ahs\.m2\repository\org\freemarker\freemarker\2.3.30\freemarker-2.3.30.jar;C:\Users\w_ahs\.m2\repository\org\projectlombok\lombok\1.18.12\lombok-1.18.12.jar;C:\Users\w_ahs\.m2\repository\tech\grasshopper\extent-pdf-report\1.5.0\extent-pdf-report-1.5.0.jar;C:\Users\w_ahs\.m2\repository\tech\grasshopper\cucumber-pdf-report\1.7.0\cucumber-pdf-report-1.7.0.jar;C:\Users\w_ahs\.m2\repository\org\knowm\xchart\xchart\3.6.5\xchart-3.6.5.jar;C:\Users\w_ahs\.m2\repository\de\erichseifert\vectorgraphics2d\VectorGraphics2D\0.13\VectorGraphics2D-0.13.jar;C:\Users\w_ahs\.m2\repository\de\rototor\pdfbox\graphics2d\0.27\graphics2d-0.27.jar;C:\Users\w_ahs\.m2\repository\com\madgag\animated-gif-lib\1.4\animated-gif-lib-1.4.jar;C:\Users\w_ahs\.m2\repository\com\github\vandeseer\easytable\0.7.1\easytable-0.7.1.jar;C:\Users\w_ahs\.m2\repository\org\yaml\snakeyaml\1.27\snakeyaml-1.27.jar;C:\Users\w_ahs\.m2\repository\com\aventstack\klov-reporter\5.0.5\klov-reporter-5.0.5.jar;C:\Users\w_ahs\.m2\repository\org\mongodb\bson\3.6.4\bson-3.6.4.jar;C:\Users\w_ahs\.m2\repository\org\apache\httpcomponents\httpmime\4.5.2\httpmime-4.5.2.jar;C:\Users\w_ahs\.m2\repository\org\mongodb\mongodb-driver\3.3.0\mongodb-driver-3.3.0.jar;C:\Users\w_ahs\.m2\repository\org\mongodb\mongodb-driver-core\3.3.0\mongodb-driver-core-3.3.0.jar;"/>
    <property name="java.vm.vendor" value="Oracle Corporation"/>
    <property name="sun.arch.data.model" value="64"/>
    <property name="user.variant" value=""/>
    <property name="java.vendor.url" value="http://java.oracle.com/"/>
    <property name="user.timezone" value="America/New_York"/>
    <property name="java.vm.specification.version" value="1.8"/>
    <property name="os.name" value="Windows 11"/>
    <property name="user.country" value="CA"/>
    <property name="sun.java.launcher" value="SUN_STANDARD"/>
    <property name="sun.boot.library.path" value="C:\Program Files\Java\jdk1.8.0_333\jre\bin"/>
    <property name="sun.java.command" value="C:\Users\w_ahs\AppData\Local\Temp\surefire404365880606657967\surefirebooter4462764669223267371.jar C:\Users\w_ahs\AppData\Local\Temp\surefire404365880606657967 2024-08-20T09-56-51_586-jvmRun1 surefire7398833551579523035tmp surefire_0684758124780585160tmp"/>
    <property name="surefire.test.class.path" value="C:\Users\w_ahs\eclipse-workspace\TestNG_Hybrid_TutorialsNinja\target\test-classes;C:\Users\w_ahs\eclipse-workspace\TestNG_Hybrid_TutorialsNinja\target\classes;C:\Users\w_ahs\.m2\repository\com\github\ralfstuckert\pdfbox-layout\pdfbox2-layout\1.0.1\pdfbox2-layout-1.0.1.jar;C:\Users\w_ahs\.m2\repository\org\apache\pdfbox\pdfbox\2.0.4\pdfbox-2.0.4.jar;C:\Users\w_ahs\.m2\repository\org\apache\pdfbox\fontbox\2.0.4\fontbox-2.0.4.jar;C:\Program Files\Java\jdk1.8.0_333\lib\tools.jar;C:\Users\w_ahs\.m2\repository\org\seleniumhq\selenium\selenium-java\4.13.0\selenium-java-4.13.0.jar;C:\Users\w_ahs\.m2\repository\org\seleniumhq\selenium\selenium-api\4.13.0\selenium-api-4.13.0.jar;C:\Users\w_ahs\.m2\repository\org\seleniumhq\selenium\selenium-chrome-driver\4.13.0\selenium-chrome-driver-4.13.0.jar;C:\Users\w_ahs\.m2\repository\com\google\auto\service\auto-service-annotations\1.1.1\auto-service-annotations-1.1.1.jar;C:\Users\w_ahs\.m2\repository\com\google\guava\guava\32.1.2-jre\guava-32.1.2-jre.jar;C:\Users\w_ahs\.m2\repository\com\google\guava\failureaccess\1.0.1\failureaccess-1.0.1.jar;C:\Users\w_ahs\.m2\repository\com\google\guava\listenablefuture\9999.0-empty-to-avoid-conflict-with-guava\listenablefuture-9999.0-empty-to-avoid-conflict-with-guava.jar;C:\Users\w_ahs\.m2\repository\org\checkerframework\checker-qual\3.33.0\checker-qual-3.33.0.jar;C:\Users\w_ahs\.m2\repository\com\google\errorprone\error_prone_annotations\2.18.0\error_prone_annotations-2.18.0.jar;C:\Users\w_ahs\.m2\repository\com\google\j2objc\j2objc-annotations\2.8\j2objc-annotations-2.8.jar;C:\Users\w_ahs\.m2\repository\org\seleniumhq\selenium\selenium-chromium-driver\4.13.0\selenium-chromium-driver-4.13.0.jar;C:\Users\w_ahs\.m2\repository\org\seleniumhq\selenium\selenium-json\4.13.0\selenium-json-4.13.0.jar;C:\Users\w_ahs\.m2\repository\org\seleniumhq\selenium\selenium-manager\4.13.0\selenium-manager-4.13.0.jar;C:\Users\w_ahs\.m2\repository\org\seleniumhq\selenium\selenium-devtools-v115\4.13.0\selenium-devtools-v115-4.13.0.jar;C:\Users\w_ahs\.m2\repository\org\seleniumhq\selenium\selenium-devtools-v116\4.13.0\selenium-devtools-v116-4.13.0.jar;C:\Users\w_ahs\.m2\repository\org\seleniumhq\selenium\selenium-devtools-v117\4.13.0\selenium-devtools-v117-4.13.0.jar;C:\Users\w_ahs\.m2\repository\org\seleniumhq\selenium\selenium-devtools-v85\4.13.0\selenium-devtools-v85-4.13.0.jar;C:\Users\w_ahs\.m2\repository\org\seleniumhq\selenium\selenium-edge-driver\4.13.0\selenium-edge-driver-4.13.0.jar;C:\Users\w_ahs\.m2\repository\org\seleniumhq\selenium\selenium-firefox-driver\4.13.0\selenium-firefox-driver-4.13.0.jar;C:\Users\w_ahs\.m2\repository\org\seleniumhq\selenium\selenium-http\4.13.0\selenium-http-4.13.0.jar;C:\Users\w_ahs\.m2\repository\dev\failsafe\failsafe\3.3.2\failsafe-3.3.2.jar;C:\Users\w_ahs\.m2\repository\org\seleniumhq\selenium\selenium-ie-driver\4.13.0\selenium-ie-driver-4.13.0.jar;C:\Users\w_ahs\.m2\repository\org\seleniumhq\selenium\selenium-remote-driver\4.13.0\selenium-remote-driver-4.13.0.jar;C:\Users\w_ahs\.m2\repository\io\netty\netty-buffer\4.1.96.Final\netty-buffer-4.1.96.Final.jar;C:\Users\w_ahs\.m2\repository\io\netty\netty-codec-http\4.1.96.Final\netty-codec-http-4.1.96.Final.jar;C:\Users\w_ahs\.m2\repository\io\netty\netty-codec\4.1.96.Final\netty-codec-4.1.96.Final.jar;C:\Users\w_ahs\.m2\repository\io\netty\netty-handler\4.1.96.Final\netty-handler-4.1.96.Final.jar;C:\Users\w_ahs\.m2\repository\io\netty\netty-common\4.1.96.Final\netty-common-4.1.96.Final.jar;C:\Users\w_ahs\.m2\repository\io\netty\netty-transport-classes-epoll\4.1.96.Final\netty-transport-classes-epoll-4.1.96.Final.jar;C:\Users\w_ahs\.m2\repository\io\netty\netty-transport-classes-kqueue\4.1.96.Final\netty-transport-classes-kqueue-4.1.96.Final.jar;C:\Users\w_ahs\.m2\repository\io\netty\netty-transport-native-epoll\4.1.96.Final\netty-transport-native-epoll-4.1.96.Final.jar;C:\Users\w_ahs\.m2\repository\io\netty\netty-transport-native-kqueue\4.1.96.Final\netty-transport-native-kqueue-4.1.96.Final.jar;C:\Users\w_ahs\.m2\repository\io\netty\netty-transport-native-unix-common\4.1.96.Final\netty-transport-native-unix-common-4.1.96.Final.jar;C:\Users\w_ahs\.m2\repository\io\netty\netty-transport\4.1.96.Final\netty-transport-4.1.96.Final.jar;C:\Users\w_ahs\.m2\repository\io\netty\netty-resolver\4.1.96.Final\netty-resolver-4.1.96.Final.jar;C:\Users\w_ahs\.m2\repository\io\opentelemetry\opentelemetry-api\1.28.0\opentelemetry-api-1.28.0.jar;C:\Users\w_ahs\.m2\repository\io\opentelemetry\opentelemetry-context\1.28.0\opentelemetry-context-1.28.0.jar;C:\Users\w_ahs\.m2\repository\io\opentelemetry\opentelemetry-exporter-logging\1.28.0\opentelemetry-exporter-logging-1.28.0.jar;C:\Users\w_ahs\.m2\repository\io\opentelemetry\opentelemetry-sdk-metrics\1.28.0\opentelemetry-sdk-metrics-1.28.0.jar;C:\Users\w_ahs\.m2\repository\io\opentelemetry\opentelemetry-extension-incubator\1.28.0-alpha\opentelemetry-extension-incubator-1.28.0-alpha.jar;C:\Users\w_ahs\.m2\repository\io\opentelemetry\opentelemetry-sdk-logs\1.28.0\opentelemetry-sdk-logs-1.28.0.jar;C:\Users\w_ahs\.m2\repository\io\opentelemetry\opentelemetry-sdk-common\1.28.0\opentelemetry-sdk-common-1.28.0.jar;C:\Users\w_ahs\.m2\repository\io\opentelemetry\opentelemetry-sdk-extension-autoconfigure-spi\1.28.0\opentelemetry-sdk-extension-autoconfigure-spi-1.28.0.jar;C:\Users\w_ahs\.m2\repository\io\opentelemetry\opentelemetry-sdk-extension-autoconfigure\1.28.0\opentelemetry-sdk-extension-autoconfigure-1.28.0.jar;C:\Users\w_ahs\.m2\repository\io\opentelemetry\opentelemetry-api-events\1.28.0-alpha\opentelemetry-api-events-1.28.0-alpha.jar;C:\Users\w_ahs\.m2\repository\io\opentelemetry\opentelemetry-sdk-trace\1.28.0\opentelemetry-sdk-trace-1.28.0.jar;C:\Users\w_ahs\.m2\repository\io\opentelemetry\opentelemetry-sdk\1.28.0\opentelemetry-sdk-1.28.0.jar;C:\Users\w_ahs\.m2\repository\io\opentelemetry\opentelemetry-semconv\1.28.0-alpha\opentelemetry-semconv-1.28.0-alpha.jar;C:\Users\w_ahs\.m2\repository\net\bytebuddy\byte-buddy\1.14.5\byte-buddy-1.14.5.jar;C:\Users\w_ahs\.m2\repository\org\asynchttpclient\async-http-client\2.12.3\async-http-client-2.12.3.jar;C:\Users\w_ahs\.m2\repository\org\asynchttpclient\async-http-client-netty-utils\2.12.3\async-http-client-netty-utils-2.12.3.jar;C:\Users\w_ahs\.m2\repository\io\netty\netty-codec-socks\4.1.60.Final\netty-codec-socks-4.1.60.Final.jar;C:\Users\w_ahs\.m2\repository\io\netty\netty-handler-proxy\4.1.60.Final\netty-handler-proxy-4.1.60.Final.jar;C:\Users\w_ahs\.m2\repository\io\netty\netty-transport-native-epoll\4.1.60.Final\netty-transport-native-epoll-4.1.60.Final-linux-x86_64.jar;C:\Users\w_ahs\.m2\repository\io\netty\netty-transport-native-kqueue\4.1.60.Final\netty-transport-native-kqueue-4.1.60.Final-osx-x86_64.jar;C:\Users\w_ahs\.m2\repository\org\reactivestreams\reactive-streams\1.0.3\reactive-streams-1.0.3.jar;C:\Users\w_ahs\.m2\repository\com\typesafe\netty\netty-reactive-streams\2.0.4\netty-reactive-streams-2.0.4.jar;C:\Users\w_ahs\.m2\repository\com\sun\activation\jakarta.activation\1.2.2\jakarta.activation-1.2.2.jar;C:\Users\w_ahs\.m2\repository\org\seleniumhq\selenium\selenium-os\4.13.0\selenium-os-4.13.0.jar;C:\Users\w_ahs\.m2\repository\org\apache\commons\commons-exec\1.3\commons-exec-1.3.jar;C:\Users\w_ahs\.m2\repository\org\seleniumhq\selenium\selenium-safari-driver\4.13.0\selenium-safari-driver-4.13.0.jar;C:\Users\w_ahs\.m2\repository\org\seleniumhq\selenium\selenium-support\4.13.0\selenium-support-4.13.0.jar;C:\Users\w_ahs\.m2\repository\org\testng\testng\7.5\testng-7.5.jar;C:\Users\w_ahs\.m2\repository\com\google\code\findbugs\jsr305\3.0.1\jsr305-3.0.1.jar;C:\Users\w_ahs\.m2\repository\org\slf4j\slf4j-api\1.7.32\slf4j-api-1.7.32.jar;C:\Users\w_ahs\.m2\repository\com\beust\jcommander\1.78\jcommander-1.78.jar;C:\Users\w_ahs\.m2\repository\org\webjars\jquery\3.5.1\jquery-3.5.1.jar;C:\Users\w_ahs\.m2\repository\io\appium\java-client\7.5.1\java-client-7.5.1.jar;C:\Users\w_ahs\.m2\repository\com\google\code\gson\gson\2.8.6\gson-2.8.6.jar;C:\Users\w_ahs\.m2\repository\org\apache\httpcomponents\httpclient\4.5.13\httpclient-4.5.13.jar;C:\Users\w_ahs\.m2\repository\org\apache\httpcomponents\httpcore\4.4.13\httpcore-4.4.13.jar;C:\Users\w_ahs\.m2\repository\cglib\cglib\3.3.0\cglib-3.3.0.jar;C:\Users\w_ahs\.m2\repository\commons-validator\commons-validator\1.7\commons-validator-1.7.jar;C:\Users\w_ahs\.m2\repository\commons-beanutils\commons-beanutils\1.9.4\commons-beanutils-1.9.4.jar;C:\Users\w_ahs\.m2\repository\commons-digester\commons-digester\2.1\commons-digester-2.1.jar;C:\Users\w_ahs\.m2\repository\org\apache\commons\commons-lang3\3.12.0\commons-lang3-3.12.0.jar;C:\Users\w_ahs\.m2\repository\org\springframework\spring-context\5.3.4\spring-context-5.3.4.jar;C:\Users\w_ahs\.m2\repository\org\springframework\spring-aop\5.3.4\spring-aop-5.3.4.jar;C:\Users\w_ahs\.m2\repository\org\springframework\spring-beans\5.3.4\spring-beans-5.3.4.jar;C:\Users\w_ahs\.m2\repository\org\springframework\spring-core\5.3.4\spring-core-5.3.4.jar;C:\Users\w_ahs\.m2\repository\org\springframework\spring-jcl\5.3.4\spring-jcl-5.3.4.jar;C:\Users\w_ahs\.m2\repository\org\springframework\spring-expression\5.3.4\spring-expression-5.3.4.jar;C:\Users\w_ahs\.m2\repository\org\aspectj\aspectjweaver\1.9.6\aspectjweaver-1.9.6.jar;C:\Users\w_ahs\.m2\repository\io\github\bonigarcia\webdrivermanager\5.7.0\webdrivermanager-5.7.0.jar;C:\Users\w_ahs\.m2\repository\com\github\docker-java\docker-java\3.3.5\docker-java-3.3.5.jar;C:\Users\w_ahs\.m2\repository\com\github\docker-java\docker-java-core\3.3.5\docker-java-core-3.3.5.jar;C:\Users\w_ahs\.m2\repository\com\github\docker-java\docker-java-api\3.3.5\docker-java-api-3.3.5.jar;C:\Users\w_ahs\.m2\repository\org\bouncycastle\bcpkix-jdk18on\1.76\bcpkix-jdk18on-1.76.jar;C:\Users\w_ahs\.m2\repository\org\bouncycastle\bcprov-jdk18on\1.76\bcprov-jdk18on-1.76.jar;C:\Users\w_ahs\.m2\repository\org\bouncycastle\bcutil-jdk18on\1.76\bcutil-jdk18on-1.76.jar;C:\Users\w_ahs\.m2\repository\org\slf4j\jcl-over-slf4j\1.7.30\jcl-over-slf4j-1.7.30.jar;C:\Users\w_ahs\.m2\repository\com\github\docker-java\docker-java-transport-httpclient5\3.3.5\docker-java-transport-httpclient5-3.3.5.jar;C:\Users\w_ahs\.m2\repository\com\github\docker-java\docker-java-transport\3.3.5\docker-java-transport-3.3.5.jar;C:\Users\w_ahs\.m2\repository\net\java\dev\jna\jna\5.13.0\jna-5.13.0.jar;C:\Users\w_ahs\.m2\repository\org\brotli\dec\0.1.2\dec-0.1.2.jar;C:\Users\w_ahs\.m2\repository\org\apache\commons\commons-compress\1.26.0\commons-compress-1.26.0.jar;C:\Users\w_ahs\.m2\repository\org\apache\httpcomponents\client5\httpclient5\5.2.1\httpclient5-5.2.1.jar;C:\Users\w_ahs\.m2\repository\org\apache\httpcomponents\core5\httpcore5\5.2\httpcore5-5.2.jar;C:\Users\w_ahs\.m2\repository\org\apache\httpcomponents\core5\httpcore5-h2\5.2\httpcore5-h2-5.2.jar;C:\Users\w_ahs\.m2\repository\io\cucumber\cucumber-core\6.10.4\cucumber-core-6.10.4.jar;C:\Users\w_ahs\.m2\repository\io\cucumber\cucumber-gherkin\6.10.4\cucumber-gherkin-6.10.4.jar;C:\Users\w_ahs\.m2\repository\io\cucumber\cucumber-gherkin-messages\6.10.4\cucumber-gherkin-messages-6.10.4.jar;C:\Users\w_ahs\.m2\repository\io\cucumber\messages\15.0.0\messages-15.0.0.jar;C:\Users\w_ahs\.m2\repository\io\cucumber\tag-expressions\3.0.1\tag-expressions-3.0.1.jar;C:\Users\w_ahs\.m2\repository\io\cucumber\cucumber-expressions\10.3.0\cucumber-expressions-10.3.0.jar;C:\Users\w_ahs\.m2\repository\io\cucumber\datatable\3.5.0\datatable-3.5.0.jar;C:\Users\w_ahs\.m2\repository\io\cucumber\cucumber-plugin\6.10.4\cucumber-plugin-6.10.4.jar;C:\Users\w_ahs\.m2\repository\io\cucumber\docstring\6.10.4\docstring-6.10.4.jar;C:\Users\w_ahs\.m2\repository\io\cucumber\html-formatter\13.0.0\html-formatter-13.0.0.jar;C:\Users\w_ahs\.m2\repository\io\cucumber\create-meta\4.0.0\create-meta-4.0.0.jar;C:\Users\w_ahs\.m2\repository\org\apiguardian\apiguardian-api\1.1.1\apiguardian-api-1.1.1.jar;C:\Users\w_ahs\.m2\repository\io\cucumber\cucumber-java\6.10.4\cucumber-java-6.10.4.jar;C:\Users\w_ahs\.m2\repository\io\cucumber\cucumber-junit\6.10.4\cucumber-junit-6.10.4.jar;C:\Users\w_ahs\.m2\repository\io\cucumber\cucumber-testng\6.10.4\cucumber-testng-6.10.4.jar;C:\Users\w_ahs\.m2\repository\io\cucumber\cucumber-jvm-deps\1.0.6\cucumber-jvm-deps-1.0.6.jar;C:\Users\w_ahs\.m2\repository\net\masterthought\cucumber-reporting\5.5.3\cucumber-reporting-5.5.3.jar;C:\Users\w_ahs\.m2\repository\com\fasterxml\jackson\core\jackson-databind\2.12.1\jackson-databind-2.12.1.jar;C:\Users\w_ahs\.m2\repository\com\fasterxml\jackson\core\jackson-annotations\2.12.1\jackson-annotations-2.12.1.jar;C:\Users\w_ahs\.m2\repository\com\fasterxml\jackson\core\jackson-core\2.12.1\jackson-core-2.12.1.jar;C:\Users\w_ahs\.m2\repository\com\fasterxml\jackson\datatype\jackson-datatype-jsr310\2.12.1\jackson-datatype-jsr310-2.12.1.jar;C:\Users\w_ahs\.m2\repository\org\apache\velocity\velocity-engine-core\2.2\velocity-engine-core-2.2.jar;C:\Users\w_ahs\.m2\repository\commons-collections\commons-collections\3.2.2\commons-collections-3.2.2.jar;C:\Users\w_ahs\.m2\repository\joda-time\joda-time\2.10.9\joda-time-2.10.9.jar;C:\Users\w_ahs\.m2\repository\org\codehaus\plexus\plexus-utils\3.3.0\plexus-utils-3.3.0.jar;C:\Users\w_ahs\.m2\repository\org\jsoup\jsoup\1.13.1\jsoup-1.13.1.jar;C:\Users\w_ahs\.m2\repository\com\googlecode\owasp-java-html-sanitizer\owasp-java-html-sanitizer\20200713.1\owasp-java-html-sanitizer-20200713.1.jar;C:\Users\w_ahs\.m2\repository\commons-configuration\commons-configuration\1.10\commons-configuration-1.10.jar;C:\Users\w_ahs\.m2\repository\commons-lang\commons-lang\2.6\commons-lang-2.6.jar;C:\Users\w_ahs\.m2\repository\org\hamcrest\hamcrest-core\2.2\hamcrest-core-2.2.jar;C:\Users\w_ahs\.m2\repository\org\hamcrest\hamcrest\2.2\hamcrest-2.2.jar;C:\Users\w_ahs\.m2\repository\io\cucumber\gherkin\5.1.0\gherkin-5.1.0.jar;C:\Users\w_ahs\.m2\repository\io\cucumber\gherkin-jvm-deps\1.0.4\gherkin-jvm-deps-1.0.4.jar;C:\Users\w_ahs\.m2\repository\net\sourceforge\cobertura\cobertura\2.1.1\cobertura-2.1.1.jar;C:\Users\w_ahs\.m2\repository\org\ow2\asm\asm\5.0.1\asm-5.0.1.jar;C:\Users\w_ahs\.m2\repository\org\ow2\asm\asm-tree\5.0.1\asm-tree-5.0.1.jar;C:\Users\w_ahs\.m2\repository\org\ow2\asm\asm-commons\5.0.1\asm-commons-5.0.1.jar;C:\Users\w_ahs\.m2\repository\org\ow2\asm\asm-util\5.0.1\asm-util-5.0.1.jar;C:\Users\w_ahs\.m2\repository\org\ow2\asm\asm-analysis\5.0.1\asm-analysis-5.0.1.jar;C:\Users\w_ahs\.m2\repository\oro\oro\2.0.8\oro-2.0.8.jar;C:\Users\w_ahs\.m2\repository\jaxen\jaxen\1.1.4\jaxen-1.1.4.jar;C:\Users\w_ahs\.m2\repository\org\apache\ant\ant\1.8.3\ant-1.8.3.jar;C:\Users\w_ahs\.m2\repository\org\apache\ant\ant-launcher\1.8.3\ant-launcher-1.8.3.jar;C:\Users\w_ahs\.m2\repository\org\apache\ant\ant-junit\1.8.3\ant-junit-1.8.3.jar;C:\Users\w_ahs\.m2\repository\org\mortbay\jetty\servlet-api-2.5\6.1.14\servlet-api-2.5-6.1.14.jar;C:\Users\w_ahs\.m2\repository\org\mortbay\jetty\jetty\6.1.14\jetty-6.1.14.jar;C:\Users\w_ahs\.m2\repository\org\mortbay\jetty\jetty-util\6.1.14\jetty-util-6.1.14.jar;C:\Users\w_ahs\.m2\repository\ch\qos\logback\logback-classic\1.0.13\logback-classic-1.0.13.jar;C:\Users\w_ahs\.m2\repository\ch\qos\logback\logback-core\1.0.13\logback-core-1.0.13.jar;C:\Users\w_ahs\.m2\repository\junit\junit\4.11\junit-4.11.jar;C:\Users\w_ahs\.m2\repository\org\apache\poi\poi-ooxml\4.1.1\poi-ooxml-4.1.1.jar;C:\Users\w_ahs\.m2\repository\com\github\virtuald\curvesapi\1.06\curvesapi-1.06.jar;C:\Users\w_ahs\.m2\repository\org\apache\poi\poi\4.1.1\poi-4.1.1.jar;C:\Users\w_ahs\.m2\repository\commons-codec\commons-codec\1.13\commons-codec-1.13.jar;C:\Users\w_ahs\.m2\repository\org\apache\commons\commons-collections4\4.4\commons-collections4-4.4.jar;C:\Users\w_ahs\.m2\repository\org\apache\commons\commons-math3\3.6.1\commons-math3-3.6.1.jar;C:\Users\w_ahs\.m2\repository\org\apache\poi\poi-ooxml-schemas\4.1.1\poi-ooxml-schemas-4.1.1.jar;C:\Users\w_ahs\.m2\repository\org\apache\xmlbeans\xmlbeans\3.1.0\xmlbeans-3.1.0.jar;C:\Users\w_ahs\.m2\repository\commons-io\commons-io\2.6\commons-io-2.6.jar;C:\Users\w_ahs\.m2\repository\org\apache\httpcomponents\fluent-hc\4.5.13\fluent-hc-4.5.13.jar;C:\Users\w_ahs\.m2\repository\commons-logging\commons-logging\1.2\commons-logging-1.2.jar;C:\Users\w_ahs\.m2\repository\org\apache\poi\poi-scratchpad\4.1.1\poi-scratchpad-4.1.1.jar;C:\Users\w_ahs\.m2\repository\org\apache\poi\openxml4j\1.0-beta\openxml4j-1.0-beta.jar;C:\Users\w_ahs\.m2\repository\dom4j\dom4j\1.6.1\dom4j-1.6.1.jar;C:\Users\w_ahs\.m2\repository\xml-apis\xml-apis\1.0.b2\xml-apis-1.0.b2.jar;C:\Users\w_ahs\.m2\repository\log4j\log4j\1.2.8\log4j-1.2.8.jar;C:\Users\w_ahs\.m2\repository\com\googlecode\json-simple\json-simple\1.1.1\json-simple-1.1.1.jar;C:\Users\w_ahs\.m2\repository\tech\grasshopper\extentreports-cucumber6-adapter\2.6.0\extentreports-cucumber6-adapter-2.6.0.jar;C:\Users\w_ahs\.m2\repository\com\aventstack\extentreports\5.0.5\extentreports-5.0.5.jar;C:\Users\w_ahs\.m2\repository\io\reactivex\rxjava3\rxjava\3.0.4\rxjava-3.0.4.jar;C:\Users\w_ahs\.m2\repository\org\freemarker\freemarker\2.3.30\freemarker-2.3.30.jar;C:\Users\w_ahs\.m2\repository\org\projectlombok\lombok\1.18.12\lombok-1.18.12.jar;C:\Users\w_ahs\.m2\repository\tech\grasshopper\extent-pdf-report\1.5.0\extent-pdf-report-1.5.0.jar;C:\Users\w_ahs\.m2\repository\tech\grasshopper\cucumber-pdf-report\1.7.0\cucumber-pdf-report-1.7.0.jar;C:\Users\w_ahs\.m2\repository\org\knowm\xchart\xchart\3.6.5\xchart-3.6.5.jar;C:\Users\w_ahs\.m2\repository\de\erichseifert\vectorgraphics2d\VectorGraphics2D\0.13\VectorGraphics2D-0.13.jar;C:\Users\w_ahs\.m2\repository\de\rototor\pdfbox\graphics2d\0.27\graphics2d-0.27.jar;C:\Users\w_ahs\.m2\repository\com\madgag\animated-gif-lib\1.4\animated-gif-lib-1.4.jar;C:\Users\w_ahs\.m2\repository\com\github\vandeseer\easytable\0.7.1\easytable-0.7.1.jar;C:\Users\w_ahs\.m2\repository\org\yaml\snakeyaml\1.27\snakeyaml-1.27.jar;C:\Users\w_ahs\.m2\repository\com\aventstack\klov-reporter\5.0.5\klov-reporter-5.0.5.jar;C:\Users\w_ahs\.m2\repository\org\mongodb\bson\3.6.4\bson-3.6.4.jar;C:\Users\w_ahs\.m2\repository\org\apache\httpcomponents\httpmime\4.5.2\httpmime-4.5.2.jar;C:\Users\w_ahs\.m2\repository\org\mongodb\mongodb-driver\3.3.0\mongodb-driver-3.3.0.jar;C:\Users\w_ahs\.m2\repository\org\mongodb\mongodb-driver-core\3.3.0\mongodb-driver-core-3.3.0.jar;"/>
    <property name="sun.cpu.endian" value="little"/>
    <property name="user.home" value="C:\Users\w_ahs"/>
    <property name="user.language" value="en"/>
    <property name="java.specification.vendor" value="Oracle Corporation"/>
    <property name="java.home" value="C:\Program Files\Java\jdk1.8.0_333\jre"/>
    <property name="basedir" value="C:\Users\w_ahs\eclipse-workspace\TestNG_Hybrid_TutorialsNinja"/>
    <property name="file.separator" value="\"/>
    <property name="line.separator" value="&#10;"/>
    <property name="java.vm.specification.vendor" value="Oracle Corporation"/>
    <property name="java.specification.name" value="Java Platform API Specification"/>
    <property name="java.awt.graphicsenv" value="sun.awt.Win32GraphicsEnvironment"/>
    <property name="surefire.real.class.path" value="C:\Users\w_ahs\AppData\Local\Temp\surefire404365880606657967\surefirebooter4462764669223267371.jar"/>
    <property name="sun.boot.class.path" value="C:\Program Files\Java\jdk1.8.0_333\jre\lib\resources.jar;C:\Program Files\Java\jdk1.8.0_333\jre\lib\rt.jar;C:\Program Files\Java\jdk1.8.0_333\jre\lib\sunrsasign.jar;C:\Program Files\Java\jdk1.8.0_333\jre\lib\jsse.jar;C:\Program Files\Java\jdk1.8.0_333\jre\lib\jce.jar;C:\Program Files\Java\jdk1.8.0_333\jre\lib\charsets.jar;C:\Program Files\Java\jdk1.8.0_333\jre\lib\jfr.jar;C:\Program Files\Java\jdk1.8.0_333\jre\classes"/>
    <property name="user.script" value=""/>
    <property name="sun.management.compiler" value="HotSpot 64-Bit Tiered Compilers"/>
    <property name="java.runtime.version" value="1.8.0_333-b02"/>
    <property name="user.name" value="w_ahs"/>
    <property name="path.separator" value=";"/>
    <property name="os.version" value="10.0"/>
    <property name="java.endorsed.dirs" value="C:\Program Files\Java\jdk1.8.0_333\jre\lib\endorsed"/>
    <property name="java.runtime.name" value="Java(TM) SE Runtime Environment"/>
    <property name="file.encoding" value="Cp1252"/>
    <property name="java.vm.name" value="Java HotSpot(TM) 64-Bit Server VM"/>
    <property name="localRepository" value="C:\Users\w_ahs\.m2\repository"/>
    <property name="java.vendor.url.bug" value="http://bugreport.sun.com/bugreport/"/>
    <property name="java.io.tmpdir" value="C:\Users\w_ahs\AppData\Local\Temp\"/>
    <property name="java.version" value="1.8.0_333"/>
    <property name="user.dir" value="C:\Users\w_ahs\eclipse-workspace\TestNG_Hybrid_TutorialsNinja"/>
    <property name="os.arch" value="amd64"/>
    <property name="java.vm.specification.name" value="Java Virtual Machine Specification"/>
    <property name="java.awt.printerjob" value="sun.awt.windows.WPrinterJob"/>
    <property name="sun.os.patch.level" value=""/>
    <property name="java.library.path" value="C:\Program Files\Java\jdk1.8.0_333\jre\bin;C:\WINDOWS\Sun\Java\bin;C:\WINDOWS\system32;C:\WINDOWS;C:\apache-maven-3.8.6/bin;C:\Program Files\Java\jdk1.8.0_333/bin;C:\Program Files\Java\jdk1.8.0_333/bin;C:\Program Files (x86)\Common Files\Oracle\Java\javapath;C:\Program Files (x86)\VMware\VMware Workstation\bin\;C:\WINDOWS\system32;C:\WINDOWS;C:\WINDOWS\System32\Wbem;C:\WINDOWS\System32\WindowsPowerShell\v1.0\;C:\WINDOWS\System32\OpenSSH\;C:\Program Files\Java\jdk1.8.0_333\bin;C:\Program Files\Git\cmd;C:\Program Files\Git\bin;C:\apache-maven-3.8.6\bin\;C:\apache-maven-3.8.6\\bin;C:\apache-maven-3.8.6\;C:\Program Files\MySQL\MySQL Server 8.0\bin;C:\Program Files\MySQL\MySQL Shell 8.0\bin\;C:\Users\w_ahs\AppData\Local\Microsoft\WindowsApps;;."/>
    <property name="java.vm.info" value="mixed mode"/>
    <property name="java.vendor" value="Oracle Corporation"/>
    <property name="java.vm.version" value="25.333-b02"/>
    <property name="java.ext.dirs" value="C:\Program Files\Java\jdk1.8.0_333\jre\lib\ext;C:\WINDOWS\Sun\Java\lib\ext"/>
    <property name="sun.io.unicode.encoding" value="UnicodeLittle"/>
    <property name="java.class.version" value="52.0"/>
  </properties>
  <testcase name="verifyLoginWithNoCredentials" classname="com.qa.ninjatutorials.testcases.LoginTest" time="11.235"/>
  <testcase name="verifyInvalidEmailNoPassword" classname="com.qa.ninjatutorials.testcases.LoginTest" time="6.516"/>
  <testcase name="verifyValidEmailNoPassword" classname="com.qa.ninjatutorials.testcases.LoginTest" time="6.434"/>
  <testcase name="verifyValidEmailInvalidPassword" classname="com.qa.ninjatutorials.testcases.LoginTest" time="6.75"/>
  <testcase name="verifyLoginWithInvalidCredentials" classname="com.qa.ninjatutorials.testcases.LoginTest" time="6.568"/>
  <testcase name="verifyLoginWithValidCredentials" classname="com.qa.ninjatutorials.testcases.LoginTest" time="7.082"/>
  <testcase name="verifyRegistrationWithoutFillingAnyDetails" classname="com.qa.ninjatutorials.testcases.RegisterTest" time="0.818"/>
  <testcase name="verifyRegistrationWithMandatoryFields" classname="com.qa.ninjatutorials.testcases.RegisterTest" time="1.226">
    <failure message="Account success message did not appear. expected [Your Account Has Been Created!] but found [Register Account]" type="java.lang.AssertionError">java.lang.AssertionError: Account success message did not appear. expected [Your Account Has Been Created!] but found [Register Account]
	at com.qa.ninjatutorials.testcases.RegisterTest.verifyRegistrationWithMandatoryFields(RegisterTest.java:69)
</failure>
    <system-out><![CDATA[[DEBUG] Channel Closed: [id: 0xc87f50ab, L:/127.0.0.1:61525 ! R:localhost/127.0.0.1:61518] with attribute DISCARD
[DEBUG] Using pooled Channel '[id: 0xb14b90e2, L:/127.0.0.1:61517 - R:localhost/127.0.0.1:35064]' for 'DELETE' to 'http://localhost:35064/session/73380f855a48778f4ab112215c881b1b'
[DEBUG] Using open Channel [id: 0xb14b90e2, L:/127.0.0.1:61517 - R:localhost/127.0.0.1:35064] for DELETE '/session/73380f855a48778f4ab112215c881b1b'
[DEBUG] Unexpected I/O exception on channel [id: 0x709aa596, L:/127.0.0.1:61524 - R:localhost/127.0.0.1:61518]
java.io.IOException: An existing connection was forcibly closed by the remote host
	at sun.nio.ch.SocketDispatcher.read0(Native Method) ~[na:1.8.0_333]
	at sun.nio.ch.SocketDispatcher.read(SocketDispatcher.java:43) ~[na:1.8.0_333]
	at sun.nio.ch.IOUtil.readIntoNativeBuffer(IOUtil.java:223) ~[na:1.8.0_333]
	at sun.nio.ch.IOUtil.read(IOUtil.java:192) ~[na:1.8.0_333]
	at sun.nio.ch.SocketChannelImpl.read(SocketChannelImpl.java:378) ~[na:1.8.0_333]
	at io.netty.buffer.PooledByteBuf.setBytes(PooledByteBuf.java:254) ~[netty-buffer-4.1.96.Final.jar:4.1.96.Final]
	at io.netty.buffer.AbstractByteBuf.writeBytes(AbstractByteBuf.java:1132) ~[netty-buffer-4.1.96.Final.jar:4.1.96.Final]
	at io.netty.channel.socket.nio.NioSocketChannel.doReadBytes(NioSocketChannel.java:357) ~[netty-transport-4.1.96.Final.jar:4.1.96.Final]
	at io.netty.channel.nio.AbstractNioByteChannel$NioByteUnsafe.read(AbstractNioByteChannel.java:151) ~[netty-transport-4.1.96.Final.jar:4.1.96.Final]
	at io.netty.channel.nio.NioEventLoop.processSelectedKey(NioEventLoop.java:788) [netty-transport-4.1.96.Final.jar:4.1.96.Final]
	at io.netty.channel.nio.NioEventLoop.processSelectedKeysOptimized(NioEventLoop.java:724) [netty-transport-4.1.96.Final.jar:4.1.96.Final]
	at io.netty.channel.nio.NioEventLoop.processSelectedKeys(NioEventLoop.java:650) [netty-transport-4.1.96.Final.jar:4.1.96.Final]
	at io.netty.channel.nio.NioEventLoop.run(NioEventLoop.java:562) [netty-transport-4.1.96.Final.jar:4.1.96.Final]
	at io.netty.util.concurrent.SingleThreadEventExecutor$4.run(SingleThreadEventExecutor.java:997) [netty-common-4.1.96.Final.jar:4.1.96.Final]
	at io.netty.util.internal.ThreadExecutorMap$2.run(ThreadExecutorMap.java:74) [netty-common-4.1.96.Final.jar:4.1.96.Final]
	at io.netty.util.concurrent.FastThreadLocalRunnable.run(FastThreadLocalRunnable.java:30) [netty-common-4.1.96.Final.jar:4.1.96.Final]
	at java.lang.Thread.run(Thread.java:750) [na:1.8.0_333]
[DEBUG] Closing Channel [id: 0x709aa596, L:/127.0.0.1:61524 - R:localhost/127.0.0.1:61518] 
[DEBUG] Channel Closed: [id: 0x709aa596, L:/127.0.0.1:61524 ! R:localhost/127.0.0.1:61518] with attribute DISCARD
[DEBUG] 

Request DefaultFullHttpRequest(decodeResult: success, version: HTTP/1.1, content: EmptyByteBufBE)
DELETE /session/73380f855a48778f4ab112215c881b1b HTTP/1.1
User-Agent: selenium/4.13.0 (java windows)
Content-Type: application/json; charset=utf-8
host: localhost:35064
accept: */*

Response DefaultHttpResponse(decodeResult: success, version: HTTP/1.1)
HTTP/1.1 200 OK
Content-Length: 14
Content-Type: application/json; charset=utf-8
cache-control: no-cache

[DEBUG] Adding key: http://localhost:35064 for channel [id: 0xb14b90e2, L:/127.0.0.1:61517 - R:localhost/127.0.0.1:35064]
[DEBUG] Channel Closed: [id: 0xb14b90e2, L:/127.0.0.1:61517 ! R:localhost/127.0.0.1:35064] with attribute DISCARD
[DEBUG] Entry count for : http://localhost:35064 : 1
[DEBUG] Entry count for : http://localhost:61518 : 1
[DEBUG] Adding Candidate expired Channel [id: 0xb14b90e2, L:/127.0.0.1:61517 ! R:localhost/127.0.0.1:35064] isIdleTimeoutExpired=false isRemotelyClosed=true isTtlExpired=false
[DEBUG] Closing Idle Channel [id: 0xb14b90e2, L:/127.0.0.1:61517 ! R:localhost/127.0.0.1:35064]
[DEBUG] Adding Candidate expired Channel [id: 0x709aa596, L:/127.0.0.1:61524 ! R:localhost/127.0.0.1:61518] isIdleTimeoutExpired=false isRemotelyClosed=true isTtlExpired=false
[DEBUG] Closing Idle Channel [id: 0x709aa596, L:/127.0.0.1:61524 ! R:localhost/127.0.0.1:61518]
[DEBUG] Closed 2 connections out of 2 in 1 ms
[DEBUG] Using new Channel '[id: 0xee0af923, L:/127.0.0.1:61540 - R:localhost/127.0.0.1:15428]' for 'POST' to '/session'
[DEBUG] 

Request DefaultHttpRequest(decodeResult: success, version: HTTP/1.1)
POST /session HTTP/1.1
User-Agent: selenium/4.13.0 (java windows)
Content-Length: 351
Content-Type: application/json; charset=utf-8
host: localhost:15428
accept: */*

Response DefaultHttpResponse(decodeResult: success, version: HTTP/1.1)
HTTP/1.1 200 OK
Content-Length: 883
Content-Type: application/json; charset=utf-8
cache-control: no-cache

[DEBUG] Adding key: http://localhost:15428 for channel [id: 0xee0af923, L:/127.0.0.1:61540 - R:localhost/127.0.0.1:15428]
[DEBUG] Using new Channel '[id: 0x2d6d3feb, L:/127.0.0.1:61547 - R:localhost/127.0.0.1:61541]' for 'GET' to '/json/version'
[DEBUG] 

Request DefaultFullHttpRequest(decodeResult: success, version: HTTP/1.1, content: EmptyByteBufBE)
GET /json/version HTTP/1.1
User-Agent: selenium/4.13.0 (java windows)
host: localhost:61541
accept: */*

Response DefaultHttpResponse(decodeResult: success, version: HTTP/1.1)
HTTP/1.1 200 OK
Content-Security-Policy: frame-ancestors 'none'
Content-Length: 424
Content-Type: application/json; charset=UTF-8

[DEBUG] Adding key: http://localhost:61541 for channel [id: 0x2d6d3feb, L:/127.0.0.1:61547 - R:localhost/127.0.0.1:61541]
[DEBUG] Using new Channel '[id: 0xb19a4b97, L:/127.0.0.1:61548 - R:localhost/127.0.0.1:61541]' for 'GET' to '/devtools/browser/a165ebd7-e975-4199-9274-5d8cb67d7a65'
[DEBUG] 

Request DefaultFullHttpRequest(decodeResult: success, version: HTTP/1.1, content: EmptyByteBufBE)
GET /devtools/browser/a165ebd7-e975-4199-9274-5d8cb67d7a65 HTTP/1.1
upgrade: websocket
connection: upgrade
sec-websocket-key: wkDl/H67Djkk58WmBos/8Q==
sec-websocket-version: 13
origin: http://localhost:61541
host: localhost:61541
accept: */*
user-agent: AHC/2.1

Response DefaultHttpResponse(decodeResult: success, version: HTTP/1.1)
HTTP/1.1 101 WebSocket Protocol Handshake
Upgrade: WebSocket
Connection: Upgrade
Sec-WebSocket-Accept: K6JmdfNoYuyDiAJTdNlq09iCfno=

[DEBUG] Using pooled Channel '[id: 0xee0af923, L:/127.0.0.1:61540 - R:localhost/127.0.0.1:15428]' for 'POST' to 'http://localhost:15428/session/2bdca056939ed67a7005186fc69a0873/window/maximize'
[DEBUG] Using open Channel [id: 0xee0af923, L:/127.0.0.1:61540 - R:localhost/127.0.0.1:15428] for POST '/session/2bdca056939ed67a7005186fc69a0873/window/maximize'
[DEBUG] 

Request DefaultHttpRequest(decodeResult: success, version: HTTP/1.1)
POST /session/2bdca056939ed67a7005186fc69a0873/window/maximize HTTP/1.1
User-Agent: selenium/4.13.0 (java windows)
Content-Length: 3
Content-Type: application/json; charset=utf-8
host: localhost:15428
accept: */*

Response DefaultHttpResponse(decodeResult: success, version: HTTP/1.1)
HTTP/1.1 200 OK
Content-Length: 51
Content-Type: application/json; charset=utf-8
cache-control: no-cache

[DEBUG] Adding key: http://localhost:15428 for channel [id: 0xee0af923, L:/127.0.0.1:61540 - R:localhost/127.0.0.1:15428]
[DEBUG] Using pooled Channel '[id: 0xee0af923, L:/127.0.0.1:61540 - R:localhost/127.0.0.1:15428]' for 'POST' to 'http://localhost:15428/session/2bdca056939ed67a7005186fc69a0873/timeouts'
[DEBUG] Using open Channel [id: 0xee0af923, L:/127.0.0.1:61540 - R:localhost/127.0.0.1:15428] for POST '/session/2bdca056939ed67a7005186fc69a0873/timeouts'
[DEBUG] 

Request DefaultHttpRequest(decodeResult: success, version: HTTP/1.1)
POST /session/2bdca056939ed67a7005186fc69a0873/timeouts HTTP/1.1
User-Agent: selenium/4.13.0 (java windows)
Content-Length: 23
Content-Type: application/json; charset=utf-8
host: localhost:15428
accept: */*

Response DefaultHttpResponse(decodeResult: success, version: HTTP/1.1)
HTTP/1.1 200 OK
Content-Length: 14
Content-Type: application/json; charset=utf-8
cache-control: no-cache

[DEBUG] Adding key: http://localhost:15428 for channel [id: 0xee0af923, L:/127.0.0.1:61540 - R:localhost/127.0.0.1:15428]
[DEBUG] Using pooled Channel '[id: 0xee0af923, L:/127.0.0.1:61540 - R:localhost/127.0.0.1:15428]' for 'POST' to 'http://localhost:15428/session/2bdca056939ed67a7005186fc69a0873/timeouts'
[DEBUG] Using open Channel [id: 0xee0af923, L:/127.0.0.1:61540 - R:localhost/127.0.0.1:15428] for POST '/session/2bdca056939ed67a7005186fc69a0873/timeouts'
[DEBUG] 

Request DefaultHttpRequest(decodeResult: success, version: HTTP/1.1)
POST /session/2bdca056939ed67a7005186fc69a0873/timeouts HTTP/1.1
User-Agent: selenium/4.13.0 (java windows)
Content-Length: 23
Content-Type: application/json; charset=utf-8
host: localhost:15428
accept: */*

Response DefaultHttpResponse(decodeResult: success, version: HTTP/1.1)
HTTP/1.1 200 OK
Content-Length: 14
Content-Type: application/json; charset=utf-8
cache-control: no-cache

[DEBUG] Adding key: http://localhost:15428 for channel [id: 0xee0af923, L:/127.0.0.1:61540 - R:localhost/127.0.0.1:15428]
[DEBUG] Using pooled Channel '[id: 0xee0af923, L:/127.0.0.1:61540 - R:localhost/127.0.0.1:15428]' for 'POST' to 'http://localhost:15428/session/2bdca056939ed67a7005186fc69a0873/url'
[DEBUG] Using open Channel [id: 0xee0af923, L:/127.0.0.1:61540 - R:localhost/127.0.0.1:15428] for POST '/session/2bdca056939ed67a7005186fc69a0873/url'
[DEBUG] Entry count for : http://localhost:61541 : 1
[DEBUG] Entry count for : http://localhost:61541 : 1
[DEBUG] Entry count for : http://localhost:61541 : 1
[DEBUG] Entry count for : http://localhost:61541 : 1
[DEBUG] 

Request DefaultHttpRequest(decodeResult: success, version: HTTP/1.1)
POST /session/2bdca056939ed67a7005186fc69a0873/url HTTP/1.1
User-Agent: selenium/4.13.0 (java windows)
Content-Length: 60
Content-Type: application/json; charset=utf-8
host: localhost:15428
accept: */*

Response DefaultHttpResponse(decodeResult: success, version: HTTP/1.1)
HTTP/1.1 200 OK
Content-Length: 14
Content-Type: application/json; charset=utf-8
cache-control: no-cache

[DEBUG] Adding key: http://localhost:15428 for channel [id: 0xee0af923, L:/127.0.0.1:61540 - R:localhost/127.0.0.1:15428]
[DEBUG] Using pooled Channel '[id: 0xee0af923, L:/127.0.0.1:61540 - R:localhost/127.0.0.1:15428]' for 'POST' to 'http://localhost:15428/session/2bdca056939ed67a7005186fc69a0873/element'
[DEBUG] Using open Channel [id: 0xee0af923, L:/127.0.0.1:61540 - R:localhost/127.0.0.1:15428] for POST '/session/2bdca056939ed67a7005186fc69a0873/element'
[DEBUG] 

Request DefaultHttpRequest(decodeResult: success, version: HTTP/1.1)
POST /session/2bdca056939ed67a7005186fc69a0873/element HTTP/1.1
User-Agent: selenium/4.13.0 (java windows)
Content-Length: 76
Content-Type: application/json; charset=utf-8
host: localhost:15428
accept: */*

Response DefaultHttpResponse(decodeResult: success, version: HTTP/1.1)
HTTP/1.1 200 OK
Content-Length: 126
Content-Type: application/json; charset=utf-8
cache-control: no-cache

[DEBUG] Adding key: http://localhost:15428 for channel [id: 0xee0af923, L:/127.0.0.1:61540 - R:localhost/127.0.0.1:15428]
[DEBUG] Using pooled Channel '[id: 0xee0af923, L:/127.0.0.1:61540 - R:localhost/127.0.0.1:15428]' for 'POST' to 'http://localhost:15428/session/2bdca056939ed67a7005186fc69a0873/element/f.03EFAA647158AB8AE203A0867722750D.d.E8BB9FCFDBA252A3F5D768F08FD5F112.e.81/click'
[DEBUG] Using open Channel [id: 0xee0af923, L:/127.0.0.1:61540 - R:localhost/127.0.0.1:15428] for POST '/session/2bdca056939ed67a7005186fc69a0873/element/f.03EFAA647158AB8AE203A0867722750D.d.E8BB9FCFDBA252A3F5D768F08FD5F112.e.81/click'
[DEBUG] 

Request DefaultHttpRequest(decodeResult: success, version: HTTP/1.1)
POST /session/2bdca056939ed67a7005186fc69a0873/element/f.03EFAA647158AB8AE203A0867722750D.d.E8BB9FCFDBA252A3F5D768F08FD5F112.e.81/click HTTP/1.1
User-Agent: selenium/4.13.0 (java windows)
Content-Length: 88
Content-Type: application/json; charset=utf-8
host: localhost:15428
accept: */*

Response DefaultHttpResponse(decodeResult: success, version: HTTP/1.1)
HTTP/1.1 200 OK
Content-Length: 14
Content-Type: application/json; charset=utf-8
cache-control: no-cache

[DEBUG] Adding key: http://localhost:15428 for channel [id: 0xee0af923, L:/127.0.0.1:61540 - R:localhost/127.0.0.1:15428]
[DEBUG] Using pooled Channel '[id: 0xee0af923, L:/127.0.0.1:61540 - R:localhost/127.0.0.1:15428]' for 'POST' to 'http://localhost:15428/session/2bdca056939ed67a7005186fc69a0873/element'
[DEBUG] Using open Channel [id: 0xee0af923, L:/127.0.0.1:61540 - R:localhost/127.0.0.1:15428] for POST '/session/2bdca056939ed67a7005186fc69a0873/element'
[DEBUG] 

Request DefaultHttpRequest(decodeResult: success, version: HTTP/1.1)
POST /session/2bdca056939ed67a7005186fc69a0873/element HTTP/1.1
User-Agent: selenium/4.13.0 (java windows)
Content-Length: 49
Content-Type: application/json; charset=utf-8
host: localhost:15428
accept: */*

Response DefaultHttpResponse(decodeResult: success, version: HTTP/1.1)
HTTP/1.1 200 OK
Content-Length: 126
Content-Type: application/json; charset=utf-8
cache-control: no-cache

[DEBUG] Adding key: http://localhost:15428 for channel [id: 0xee0af923, L:/127.0.0.1:61540 - R:localhost/127.0.0.1:15428]
[DEBUG] Using pooled Channel '[id: 0xee0af923, L:/127.0.0.1:61540 - R:localhost/127.0.0.1:15428]' for 'POST' to 'http://localhost:15428/session/2bdca056939ed67a7005186fc69a0873/element/f.03EFAA647158AB8AE203A0867722750D.d.E8BB9FCFDBA252A3F5D768F08FD5F112.e.82/click'
[DEBUG] Using open Channel [id: 0xee0af923, L:/127.0.0.1:61540 - R:localhost/127.0.0.1:15428] for POST '/session/2bdca056939ed67a7005186fc69a0873/element/f.03EFAA647158AB8AE203A0867722750D.d.E8BB9FCFDBA252A3F5D768F08FD5F112.e.82/click'
[DEBUG] Entry count for : http://localhost:61541 : 1
[DEBUG] 

Request DefaultHttpRequest(decodeResult: success, version: HTTP/1.1)
POST /session/2bdca056939ed67a7005186fc69a0873/element/f.03EFAA647158AB8AE203A0867722750D.d.E8BB9FCFDBA252A3F5D768F08FD5F112.e.82/click HTTP/1.1
User-Agent: selenium/4.13.0 (java windows)
Content-Length: 88
Content-Type: application/json; charset=utf-8
host: localhost:15428
accept: */*

Response DefaultHttpResponse(decodeResult: success, version: HTTP/1.1)
HTTP/1.1 200 OK
Content-Length: 14
Content-Type: application/json; charset=utf-8
cache-control: no-cache

[DEBUG] Adding key: http://localhost:15428 for channel [id: 0xee0af923, L:/127.0.0.1:61540 - R:localhost/127.0.0.1:15428]
[DEBUG] Using pooled Channel '[id: 0xee0af923, L:/127.0.0.1:61540 - R:localhost/127.0.0.1:15428]' for 'POST' to 'http://localhost:15428/session/2bdca056939ed67a7005186fc69a0873/element'
[DEBUG] Using open Channel [id: 0xee0af923, L:/127.0.0.1:61540 - R:localhost/127.0.0.1:15428] for POST '/session/2bdca056939ed67a7005186fc69a0873/element'
[DEBUG] 

Request DefaultHttpRequest(decodeResult: success, version: HTTP/1.1)
POST /session/2bdca056939ed67a7005186fc69a0873/element HTTP/1.1
User-Agent: selenium/4.13.0 (java windows)
Content-Length: 62
Content-Type: application/json; charset=utf-8
host: localhost:15428
accept: */*

Response DefaultHttpResponse(decodeResult: success, version: HTTP/1.1)
HTTP/1.1 200 OK
Content-Length: 126
Content-Type: application/json; charset=utf-8
cache-control: no-cache

[DEBUG] Adding key: http://localhost:15428 for channel [id: 0xee0af923, L:/127.0.0.1:61540 - R:localhost/127.0.0.1:15428]
[DEBUG] Using pooled Channel '[id: 0xee0af923, L:/127.0.0.1:61540 - R:localhost/127.0.0.1:15428]' for 'POST' to 'http://localhost:15428/session/2bdca056939ed67a7005186fc69a0873/element/f.03EFAA647158AB8AE203A0867722750D.d.06BF0AA4BCBFB311C85E84FD1E3902E2.e.86/value'
[DEBUG] Using open Channel [id: 0xee0af923, L:/127.0.0.1:61540 - R:localhost/127.0.0.1:15428] for POST '/session/2bdca056939ed67a7005186fc69a0873/element/f.03EFAA647158AB8AE203A0867722750D.d.06BF0AA4BCBFB311C85E84FD1E3902E2.e.86/value'
[DEBUG] 

Request DefaultHttpRequest(decodeResult: success, version: HTTP/1.1)
POST /session/2bdca056939ed67a7005186fc69a0873/element/f.03EFAA647158AB8AE203A0867722750D.d.06BF0AA4BCBFB311C85E84FD1E3902E2.e.86/value HTTP/1.1
User-Agent: selenium/4.13.0 (java windows)
Content-Length: 199
Content-Type: application/json; charset=utf-8
host: localhost:15428
accept: */*

Response DefaultHttpResponse(decodeResult: success, version: HTTP/1.1)
HTTP/1.1 200 OK
Content-Length: 14
Content-Type: application/json; charset=utf-8
cache-control: no-cache

[DEBUG] Adding key: http://localhost:15428 for channel [id: 0xee0af923, L:/127.0.0.1:61540 - R:localhost/127.0.0.1:15428]
[DEBUG] Using pooled Channel '[id: 0xee0af923, L:/127.0.0.1:61540 - R:localhost/127.0.0.1:15428]' for 'POST' to 'http://localhost:15428/session/2bdca056939ed67a7005186fc69a0873/element'
[DEBUG] Using open Channel [id: 0xee0af923, L:/127.0.0.1:61540 - R:localhost/127.0.0.1:15428] for POST '/session/2bdca056939ed67a7005186fc69a0873/element'
[DEBUG] 

Request DefaultHttpRequest(decodeResult: success, version: HTTP/1.1)
POST /session/2bdca056939ed67a7005186fc69a0873/element HTTP/1.1
User-Agent: selenium/4.13.0 (java windows)
Content-Length: 61
Content-Type: application/json; charset=utf-8
host: localhost:15428
accept: */*

Response DefaultHttpResponse(decodeResult: success, version: HTTP/1.1)
HTTP/1.1 200 OK
Content-Length: 126
Content-Type: application/json; charset=utf-8
cache-control: no-cache

[DEBUG] Adding key: http://localhost:15428 for channel [id: 0xee0af923, L:/127.0.0.1:61540 - R:localhost/127.0.0.1:15428]
[DEBUG] Using pooled Channel '[id: 0xee0af923, L:/127.0.0.1:61540 - R:localhost/127.0.0.1:15428]' for 'POST' to 'http://localhost:15428/session/2bdca056939ed67a7005186fc69a0873/element/f.03EFAA647158AB8AE203A0867722750D.d.06BF0AA4BCBFB311C85E84FD1E3902E2.e.87/value'
[DEBUG] Using open Channel [id: 0xee0af923, L:/127.0.0.1:61540 - R:localhost/127.0.0.1:15428] for POST '/session/2bdca056939ed67a7005186fc69a0873/element/f.03EFAA647158AB8AE203A0867722750D.d.06BF0AA4BCBFB311C85E84FD1E3902E2.e.87/value'
[DEBUG] 

Request DefaultHttpRequest(decodeResult: success, version: HTTP/1.1)
POST /session/2bdca056939ed67a7005186fc69a0873/element/f.03EFAA647158AB8AE203A0867722750D.d.06BF0AA4BCBFB311C85E84FD1E3902E2.e.87/value HTTP/1.1
User-Agent: selenium/4.13.0 (java windows)
Content-Length: 189
Content-Type: application/json; charset=utf-8
host: localhost:15428
accept: */*

Response DefaultHttpResponse(decodeResult: success, version: HTTP/1.1)
HTTP/1.1 200 OK
Content-Length: 14
Content-Type: application/json; charset=utf-8
cache-control: no-cache

[DEBUG] Adding key: http://localhost:15428 for channel [id: 0xee0af923, L:/127.0.0.1:61540 - R:localhost/127.0.0.1:15428]
[DEBUG] Using pooled Channel '[id: 0xee0af923, L:/127.0.0.1:61540 - R:localhost/127.0.0.1:15428]' for 'POST' to 'http://localhost:15428/session/2bdca056939ed67a7005186fc69a0873/element'
[DEBUG] Using open Channel [id: 0xee0af923, L:/127.0.0.1:61540 - R:localhost/127.0.0.1:15428] for POST '/session/2bdca056939ed67a7005186fc69a0873/element'
[DEBUG] 

Request DefaultHttpRequest(decodeResult: success, version: HTTP/1.1)
POST /session/2bdca056939ed67a7005186fc69a0873/element HTTP/1.1
User-Agent: selenium/4.13.0 (java windows)
Content-Length: 58
Content-Type: application/json; charset=utf-8
host: localhost:15428
accept: */*

Response DefaultHttpResponse(decodeResult: success, version: HTTP/1.1)
HTTP/1.1 200 OK
Content-Length: 126
Content-Type: application/json; charset=utf-8
cache-control: no-cache

[DEBUG] Adding key: http://localhost:15428 for channel [id: 0xee0af923, L:/127.0.0.1:61540 - R:localhost/127.0.0.1:15428]
[DEBUG] Using pooled Channel '[id: 0xee0af923, L:/127.0.0.1:61540 - R:localhost/127.0.0.1:15428]' for 'POST' to 'http://localhost:15428/session/2bdca056939ed67a7005186fc69a0873/element/f.03EFAA647158AB8AE203A0867722750D.d.06BF0AA4BCBFB311C85E84FD1E3902E2.e.88/value'
[DEBUG] Using open Channel [id: 0xee0af923, L:/127.0.0.1:61540 - R:localhost/127.0.0.1:15428] for POST '/session/2bdca056939ed67a7005186fc69a0873/element/f.03EFAA647158AB8AE203A0867722750D.d.06BF0AA4BCBFB311C85E84FD1E3902E2.e.88/value'
[DEBUG] 

Request DefaultHttpRequest(decodeResult: success, version: HTTP/1.1)
POST /session/2bdca056939ed67a7005186fc69a0873/element/f.03EFAA647158AB8AE203A0867722750D.d.06BF0AA4BCBFB311C85E84FD1E3902E2.e.88/value HTTP/1.1
User-Agent: selenium/4.13.0 (java windows)
Content-Length: 389
Content-Type: application/json; charset=utf-8
host: localhost:15428
accept: */*

Response DefaultHttpResponse(decodeResult: success, version: HTTP/1.1)
HTTP/1.1 200 OK
Content-Length: 14
Content-Type: application/json; charset=utf-8
cache-control: no-cache

[DEBUG] Adding key: http://localhost:15428 for channel [id: 0xee0af923, L:/127.0.0.1:61540 - R:localhost/127.0.0.1:15428]
[DEBUG] Using pooled Channel '[id: 0xee0af923, L:/127.0.0.1:61540 - R:localhost/127.0.0.1:15428]' for 'POST' to 'http://localhost:15428/session/2bdca056939ed67a7005186fc69a0873/element'
[DEBUG] Using open Channel [id: 0xee0af923, L:/127.0.0.1:61540 - R:localhost/127.0.0.1:15428] for POST '/session/2bdca056939ed67a7005186fc69a0873/element'
[DEBUG] 

Request DefaultHttpRequest(decodeResult: success, version: HTTP/1.1)
POST /session/2bdca056939ed67a7005186fc69a0873/element HTTP/1.1
User-Agent: selenium/4.13.0 (java windows)
Content-Length: 62
Content-Type: application/json; charset=utf-8
host: localhost:15428
accept: */*

Response DefaultHttpResponse(decodeResult: success, version: HTTP/1.1)
HTTP/1.1 200 OK
Content-Length: 126
Content-Type: application/json; charset=utf-8
cache-control: no-cache

[DEBUG] Adding key: http://localhost:15428 for channel [id: 0xee0af923, L:/127.0.0.1:61540 - R:localhost/127.0.0.1:15428]
[DEBUG] Using pooled Channel '[id: 0xee0af923, L:/127.0.0.1:61540 - R:localhost/127.0.0.1:15428]' for 'POST' to 'http://localhost:15428/session/2bdca056939ed67a7005186fc69a0873/element/f.03EFAA647158AB8AE203A0867722750D.d.06BF0AA4BCBFB311C85E84FD1E3902E2.e.89/value'
[DEBUG] Using open Channel [id: 0xee0af923, L:/127.0.0.1:61540 - R:localhost/127.0.0.1:15428] for POST '/session/2bdca056939ed67a7005186fc69a0873/element/f.03EFAA647158AB8AE203A0867722750D.d.06BF0AA4BCBFB311C85E84FD1E3902E2.e.89/value'
[DEBUG] 

Request DefaultHttpRequest(decodeResult: success, version: HTTP/1.1)
POST /session/2bdca056939ed67a7005186fc69a0873/element/f.03EFAA647158AB8AE203A0867722750D.d.06BF0AA4BCBFB311C85E84FD1E3902E2.e.89/value HTTP/1.1
User-Agent: selenium/4.13.0 (java windows)
Content-Length: 229
Content-Type: application/json; charset=utf-8
host: localhost:15428
accept: */*

Response DefaultHttpResponse(decodeResult: success, version: HTTP/1.1)
HTTP/1.1 200 OK
Content-Length: 14
Content-Type: application/json; charset=utf-8
cache-control: no-cache

[DEBUG] Adding key: http://localhost:15428 for channel [id: 0xee0af923, L:/127.0.0.1:61540 - R:localhost/127.0.0.1:15428]
[DEBUG] Using pooled Channel '[id: 0xee0af923, L:/127.0.0.1:61540 - R:localhost/127.0.0.1:15428]' for 'POST' to 'http://localhost:15428/session/2bdca056939ed67a7005186fc69a0873/element'
[DEBUG] Using open Channel [id: 0xee0af923, L:/127.0.0.1:61540 - R:localhost/127.0.0.1:15428] for POST '/session/2bdca056939ed67a7005186fc69a0873/element'
[DEBUG] 

Request DefaultHttpRequest(decodeResult: success, version: HTTP/1.1)
POST /session/2bdca056939ed67a7005186fc69a0873/element HTTP/1.1
User-Agent: selenium/4.13.0 (java windows)
Content-Length: 61
Content-Type: application/json; charset=utf-8
host: localhost:15428
accept: */*

Response DefaultHttpResponse(decodeResult: success, version: HTTP/1.1)
HTTP/1.1 200 OK
Content-Length: 126
Content-Type: application/json; charset=utf-8
cache-control: no-cache

[DEBUG] Adding key: http://localhost:15428 for channel [id: 0xee0af923, L:/127.0.0.1:61540 - R:localhost/127.0.0.1:15428]
[DEBUG] Using pooled Channel '[id: 0xee0af923, L:/127.0.0.1:61540 - R:localhost/127.0.0.1:15428]' for 'POST' to 'http://localhost:15428/session/2bdca056939ed67a7005186fc69a0873/element/f.03EFAA647158AB8AE203A0867722750D.d.06BF0AA4BCBFB311C85E84FD1E3902E2.e.90/value'
[DEBUG] Using open Channel [id: 0xee0af923, L:/127.0.0.1:61540 - R:localhost/127.0.0.1:15428] for POST '/session/2bdca056939ed67a7005186fc69a0873/element/f.03EFAA647158AB8AE203A0867722750D.d.06BF0AA4BCBFB311C85E84FD1E3902E2.e.90/value'
[DEBUG] 

Request DefaultHttpRequest(decodeResult: success, version: HTTP/1.1)
POST /session/2bdca056939ed67a7005186fc69a0873/element/f.03EFAA647158AB8AE203A0867722750D.d.06BF0AA4BCBFB311C85E84FD1E3902E2.e.90/value HTTP/1.1
User-Agent: selenium/4.13.0 (java windows)
Content-Length: 239
Content-Type: application/json; charset=utf-8
host: localhost:15428
accept: */*

Response DefaultHttpResponse(decodeResult: success, version: HTTP/1.1)
HTTP/1.1 200 OK
Content-Length: 14
Content-Type: application/json; charset=utf-8
cache-control: no-cache

[DEBUG] Adding key: http://localhost:15428 for channel [id: 0xee0af923, L:/127.0.0.1:61540 - R:localhost/127.0.0.1:15428]
[DEBUG] Using pooled Channel '[id: 0xee0af923, L:/127.0.0.1:61540 - R:localhost/127.0.0.1:15428]' for 'POST' to 'http://localhost:15428/session/2bdca056939ed67a7005186fc69a0873/element'
[DEBUG] Using open Channel [id: 0xee0af923, L:/127.0.0.1:61540 - R:localhost/127.0.0.1:15428] for POST '/session/2bdca056939ed67a7005186fc69a0873/element'
[DEBUG] 

Request DefaultHttpRequest(decodeResult: success, version: HTTP/1.1)
POST /session/2bdca056939ed67a7005186fc69a0873/element HTTP/1.1
User-Agent: selenium/4.13.0 (java windows)
Content-Length: 60
Content-Type: application/json; charset=utf-8
host: localhost:15428
accept: */*

Response DefaultHttpResponse(decodeResult: success, version: HTTP/1.1)
HTTP/1.1 200 OK
Content-Length: 126
Content-Type: application/json; charset=utf-8
cache-control: no-cache

[DEBUG] Adding key: http://localhost:15428 for channel [id: 0xee0af923, L:/127.0.0.1:61540 - R:localhost/127.0.0.1:15428]
[DEBUG] Using pooled Channel '[id: 0xee0af923, L:/127.0.0.1:61540 - R:localhost/127.0.0.1:15428]' for 'POST' to 'http://localhost:15428/session/2bdca056939ed67a7005186fc69a0873/element/f.03EFAA647158AB8AE203A0867722750D.d.06BF0AA4BCBFB311C85E84FD1E3902E2.e.91/value'
[DEBUG] Using open Channel [id: 0xee0af923, L:/127.0.0.1:61540 - R:localhost/127.0.0.1:15428] for POST '/session/2bdca056939ed67a7005186fc69a0873/element/f.03EFAA647158AB8AE203A0867722750D.d.06BF0AA4BCBFB311C85E84FD1E3902E2.e.91/value'
[DEBUG] 

Request DefaultHttpRequest(decodeResult: success, version: HTTP/1.1)
POST /session/2bdca056939ed67a7005186fc69a0873/element/f.03EFAA647158AB8AE203A0867722750D.d.06BF0AA4BCBFB311C85E84FD1E3902E2.e.91/value HTTP/1.1
User-Agent: selenium/4.13.0 (java windows)
Content-Length: 239
Content-Type: application/json; charset=utf-8
host: localhost:15428
accept: */*

Response DefaultHttpResponse(decodeResult: success, version: HTTP/1.1)
HTTP/1.1 200 OK
Content-Length: 14
Content-Type: application/json; charset=utf-8
cache-control: no-cache

[DEBUG] Adding key: http://localhost:15428 for channel [id: 0xee0af923, L:/127.0.0.1:61540 - R:localhost/127.0.0.1:15428]
[DEBUG] Using pooled Channel '[id: 0xee0af923, L:/127.0.0.1:61540 - R:localhost/127.0.0.1:15428]' for 'POST' to 'http://localhost:15428/session/2bdca056939ed67a7005186fc69a0873/element'
[DEBUG] Using open Channel [id: 0xee0af923, L:/127.0.0.1:61540 - R:localhost/127.0.0.1:15428] for POST '/session/2bdca056939ed67a7005186fc69a0873/element'
[DEBUG] 

Request DefaultHttpRequest(decodeResult: success, version: HTTP/1.1)
POST /session/2bdca056939ed67a7005186fc69a0873/element HTTP/1.1
User-Agent: selenium/4.13.0 (java windows)
Content-Length: 59
Content-Type: application/json; charset=utf-8
host: localhost:15428
accept: */*

Response DefaultHttpResponse(decodeResult: success, version: HTTP/1.1)
HTTP/1.1 200 OK
Content-Length: 126
Content-Type: application/json; charset=utf-8
cache-control: no-cache

[DEBUG] Adding key: http://localhost:15428 for channel [id: 0xee0af923, L:/127.0.0.1:61540 - R:localhost/127.0.0.1:15428]
[DEBUG] Using pooled Channel '[id: 0xee0af923, L:/127.0.0.1:61540 - R:localhost/127.0.0.1:15428]' for 'POST' to 'http://localhost:15428/session/2bdca056939ed67a7005186fc69a0873/element/f.03EFAA647158AB8AE203A0867722750D.d.06BF0AA4BCBFB311C85E84FD1E3902E2.e.95/click'
[DEBUG] Using open Channel [id: 0xee0af923, L:/127.0.0.1:61540 - R:localhost/127.0.0.1:15428] for POST '/session/2bdca056939ed67a7005186fc69a0873/element/f.03EFAA647158AB8AE203A0867722750D.d.06BF0AA4BCBFB311C85E84FD1E3902E2.e.95/click'
[DEBUG] 

Request DefaultHttpRequest(decodeResult: success, version: HTTP/1.1)
POST /session/2bdca056939ed67a7005186fc69a0873/element/f.03EFAA647158AB8AE203A0867722750D.d.06BF0AA4BCBFB311C85E84FD1E3902E2.e.95/click HTTP/1.1
User-Agent: selenium/4.13.0 (java windows)
Content-Length: 88
Content-Type: application/json; charset=utf-8
host: localhost:15428
accept: */*

Response DefaultHttpResponse(decodeResult: success, version: HTTP/1.1)
HTTP/1.1 200 OK
Content-Length: 14
Content-Type: application/json; charset=utf-8
cache-control: no-cache

[DEBUG] Adding key: http://localhost:15428 for channel [id: 0xee0af923, L:/127.0.0.1:61540 - R:localhost/127.0.0.1:15428]
[DEBUG] Using pooled Channel '[id: 0xee0af923, L:/127.0.0.1:61540 - R:localhost/127.0.0.1:15428]' for 'POST' to 'http://localhost:15428/session/2bdca056939ed67a7005186fc69a0873/element'
[DEBUG] Using open Channel [id: 0xee0af923, L:/127.0.0.1:61540 - R:localhost/127.0.0.1:15428] for POST '/session/2bdca056939ed67a7005186fc69a0873/element'
[DEBUG] 

Request DefaultHttpRequest(decodeResult: success, version: HTTP/1.1)
POST /session/2bdca056939ed67a7005186fc69a0873/element HTTP/1.1
User-Agent: selenium/4.13.0 (java windows)
Content-Length: 65
Content-Type: application/json; charset=utf-8
host: localhost:15428
accept: */*

Response DefaultHttpResponse(decodeResult: success, version: HTTP/1.1)
HTTP/1.1 200 OK
Content-Length: 127
Content-Type: application/json; charset=utf-8
cache-control: no-cache

[DEBUG] Adding key: http://localhost:15428 for channel [id: 0xee0af923, L:/127.0.0.1:61540 - R:localhost/127.0.0.1:15428]
[DEBUG] Using pooled Channel '[id: 0xee0af923, L:/127.0.0.1:61540 - R:localhost/127.0.0.1:15428]' for 'POST' to 'http://localhost:15428/session/2bdca056939ed67a7005186fc69a0873/element/f.03EFAA647158AB8AE203A0867722750D.d.06BF0AA4BCBFB311C85E84FD1E3902E2.e.107/click'
[DEBUG] Using open Channel [id: 0xee0af923, L:/127.0.0.1:61540 - R:localhost/127.0.0.1:15428] for POST '/session/2bdca056939ed67a7005186fc69a0873/element/f.03EFAA647158AB8AE203A0867722750D.d.06BF0AA4BCBFB311C85E84FD1E3902E2.e.107/click'
[DEBUG] Entry count for : http://localhost:61541 : 1
[DEBUG] 

Request DefaultHttpRequest(decodeResult: success, version: HTTP/1.1)
POST /session/2bdca056939ed67a7005186fc69a0873/element/f.03EFAA647158AB8AE203A0867722750D.d.06BF0AA4BCBFB311C85E84FD1E3902E2.e.107/click HTTP/1.1
User-Agent: selenium/4.13.0 (java windows)
Content-Length: 89
Content-Type: application/json; charset=utf-8
host: localhost:15428
accept: */*

Response DefaultHttpResponse(decodeResult: success, version: HTTP/1.1)
HTTP/1.1 200 OK
Content-Length: 14
Content-Type: application/json; charset=utf-8
cache-control: no-cache

[DEBUG] Adding key: http://localhost:15428 for channel [id: 0xee0af923, L:/127.0.0.1:61540 - R:localhost/127.0.0.1:15428]
[DEBUG] Using pooled Channel '[id: 0xee0af923, L:/127.0.0.1:61540 - R:localhost/127.0.0.1:15428]' for 'POST' to 'http://localhost:15428/session/2bdca056939ed67a7005186fc69a0873/element'
[DEBUG] Using open Channel [id: 0xee0af923, L:/127.0.0.1:61540 - R:localhost/127.0.0.1:15428] for POST '/session/2bdca056939ed67a7005186fc69a0873/element'
[DEBUG] 

Request DefaultHttpRequest(decodeResult: success, version: HTTP/1.1)
POST /session/2bdca056939ed67a7005186fc69a0873/element HTTP/1.1
User-Agent: selenium/4.13.0 (java windows)
Content-Length: 77
Content-Type: application/json; charset=utf-8
host: localhost:15428
accept: */*

Response DefaultHttpResponse(decodeResult: success, version: HTTP/1.1)
HTTP/1.1 200 OK
Content-Length: 127
Content-Type: application/json; charset=utf-8
cache-control: no-cache

[DEBUG] Adding key: http://localhost:15428 for channel [id: 0xee0af923, L:/127.0.0.1:61540 - R:localhost/127.0.0.1:15428]
[DEBUG] Using pooled Channel '[id: 0xee0af923, L:/127.0.0.1:61540 - R:localhost/127.0.0.1:15428]' for 'GET' to 'http://localhost:15428/session/2bdca056939ed67a7005186fc69a0873/element/f.03EFAA647158AB8AE203A0867722750D.d.78E7D53B11C16BECBD52AEAFEC832907.e.147/text'
[DEBUG] Using open Channel [id: 0xee0af923, L:/127.0.0.1:61540 - R:localhost/127.0.0.1:15428] for GET '/session/2bdca056939ed67a7005186fc69a0873/element/f.03EFAA647158AB8AE203A0867722750D.d.78E7D53B11C16BECBD52AEAFEC832907.e.147/text'
[DEBUG] 

Request DefaultFullHttpRequest(decodeResult: success, version: HTTP/1.1, content: EmptyByteBufBE)
GET /session/2bdca056939ed67a7005186fc69a0873/element/f.03EFAA647158AB8AE203A0867722750D.d.78E7D53B11C16BECBD52AEAFEC832907.e.147/text HTTP/1.1
Cache-Control: no-cache
User-Agent: selenium/4.13.0 (java windows)
Content-Type: application/json; charset=utf-8
host: localhost:15428
accept: */*

Response DefaultHttpResponse(decodeResult: success, version: HTTP/1.1)
HTTP/1.1 200 OK
Content-Length: 28
Content-Type: application/json; charset=utf-8
cache-control: no-cache

[DEBUG] Adding key: http://localhost:15428 for channel [id: 0xee0af923, L:/127.0.0.1:61540 - R:localhost/127.0.0.1:15428]
]]></system-out>
    <system-err><![CDATA[Aug 20, 2024 9:57:50 AM org.openqa.selenium.devtools.CdpVersionFinder findNearestMatch
WARNING: Unable to find CDP implementation matching 127
Aug 20, 2024 9:57:50 AM org.openqa.selenium.chromium.ChromiumDriver lambda$new$5
WARNING: Unable to find version of CDP to use for 127.0.6533.101. You may need to include a dependency on a specific version of the CDP using something similar to `org.seleniumhq.selenium:selenium-devtools-v86:4.13.0` where the version ("v86") matches the version of the chromium-based browser you're using and the version number of the artifact is the same as Selenium's.
]]></system-err>
  </testcase>
  <testcase name="verifyRegistrationWithAllFields" classname="com.qa.ninjatutorials.testcases.RegisterTest" time="1.73">
    <failure message="Account success message did not appear. expected [Your Account Has Been Created!] but found [Register Account]" type="java.lang.AssertionError">java.lang.AssertionError: Account success message did not appear. expected [Your Account Has Been Created!] but found [Register Account]
	at com.qa.ninjatutorials.testcases.RegisterTest.verifyRegistrationWithAllFields(RegisterTest.java:88)
</failure>
    <system-out><![CDATA[[DEBUG] Channel Closed: [id: 0xb19a4b97, L:/127.0.0.1:61548 ! R:localhost/127.0.0.1:61541] with attribute DISCARD
[DEBUG] Using pooled Channel '[id: 0xee0af923, L:/127.0.0.1:61540 - R:localhost/127.0.0.1:15428]' for 'DELETE' to 'http://localhost:15428/session/2bdca056939ed67a7005186fc69a0873'
[DEBUG] Using open Channel [id: 0xee0af923, L:/127.0.0.1:61540 - R:localhost/127.0.0.1:15428] for DELETE '/session/2bdca056939ed67a7005186fc69a0873'
[DEBUG] Unexpected I/O exception on channel [id: 0x2d6d3feb, L:/127.0.0.1:61547 - R:localhost/127.0.0.1:61541]
java.io.IOException: An existing connection was forcibly closed by the remote host
	at sun.nio.ch.SocketDispatcher.read0(Native Method) ~[na:1.8.0_333]
	at sun.nio.ch.SocketDispatcher.read(SocketDispatcher.java:43) ~[na:1.8.0_333]
	at sun.nio.ch.IOUtil.readIntoNativeBuffer(IOUtil.java:223) ~[na:1.8.0_333]
	at sun.nio.ch.IOUtil.read(IOUtil.java:192) ~[na:1.8.0_333]
	at sun.nio.ch.SocketChannelImpl.read(SocketChannelImpl.java:378) ~[na:1.8.0_333]
	at io.netty.buffer.PooledByteBuf.setBytes(PooledByteBuf.java:254) ~[netty-buffer-4.1.96.Final.jar:4.1.96.Final]
	at io.netty.buffer.AbstractByteBuf.writeBytes(AbstractByteBuf.java:1132) ~[netty-buffer-4.1.96.Final.jar:4.1.96.Final]
	at io.netty.channel.socket.nio.NioSocketChannel.doReadBytes(NioSocketChannel.java:357) ~[netty-transport-4.1.96.Final.jar:4.1.96.Final]
	at io.netty.channel.nio.AbstractNioByteChannel$NioByteUnsafe.read(AbstractNioByteChannel.java:151) ~[netty-transport-4.1.96.Final.jar:4.1.96.Final]
	at io.netty.channel.nio.NioEventLoop.processSelectedKey(NioEventLoop.java:788) [netty-transport-4.1.96.Final.jar:4.1.96.Final]
	at io.netty.channel.nio.NioEventLoop.processSelectedKeysOptimized(NioEventLoop.java:724) [netty-transport-4.1.96.Final.jar:4.1.96.Final]
	at io.netty.channel.nio.NioEventLoop.processSelectedKeys(NioEventLoop.java:650) [netty-transport-4.1.96.Final.jar:4.1.96.Final]
	at io.netty.channel.nio.NioEventLoop.run(NioEventLoop.java:562) [netty-transport-4.1.96.Final.jar:4.1.96.Final]
	at io.netty.util.concurrent.SingleThreadEventExecutor$4.run(SingleThreadEventExecutor.java:997) [netty-common-4.1.96.Final.jar:4.1.96.Final]
	at io.netty.util.internal.ThreadExecutorMap$2.run(ThreadExecutorMap.java:74) [netty-common-4.1.96.Final.jar:4.1.96.Final]
	at io.netty.util.concurrent.FastThreadLocalRunnable.run(FastThreadLocalRunnable.java:30) [netty-common-4.1.96.Final.jar:4.1.96.Final]
	at java.lang.Thread.run(Thread.java:750) [na:1.8.0_333]
[DEBUG] Closing Channel [id: 0x2d6d3feb, L:/127.0.0.1:61547 - R:localhost/127.0.0.1:61541] 
[DEBUG] Channel Closed: [id: 0x2d6d3feb, L:/127.0.0.1:61547 ! R:localhost/127.0.0.1:61541] with attribute DISCARD
[DEBUG] 

Request DefaultFullHttpRequest(decodeResult: success, version: HTTP/1.1, content: EmptyByteBufBE)
DELETE /session/2bdca056939ed67a7005186fc69a0873 HTTP/1.1
User-Agent: selenium/4.13.0 (java windows)
Content-Type: application/json; charset=utf-8
host: localhost:15428
accept: */*

Response DefaultHttpResponse(decodeResult: success, version: HTTP/1.1)
HTTP/1.1 200 OK
Content-Length: 14
Content-Type: application/json; charset=utf-8
cache-control: no-cache

[DEBUG] Adding key: http://localhost:15428 for channel [id: 0xee0af923, L:/127.0.0.1:61540 - R:localhost/127.0.0.1:15428]
[DEBUG] Channel Closed: [id: 0xee0af923, L:/127.0.0.1:61540 ! R:localhost/127.0.0.1:15428] with attribute DISCARD
[DEBUG] Entry count for : http://localhost:61541 : 1
[DEBUG] Entry count for : http://localhost:15428 : 1
[DEBUG] Adding Candidate expired Channel [id: 0x2d6d3feb, L:/127.0.0.1:61547 ! R:localhost/127.0.0.1:61541] isIdleTimeoutExpired=false isRemotelyClosed=true isTtlExpired=false
[DEBUG] Closing Idle Channel [id: 0x2d6d3feb, L:/127.0.0.1:61547 ! R:localhost/127.0.0.1:61541]
[DEBUG] Adding Candidate expired Channel [id: 0xee0af923, L:/127.0.0.1:61540 ! R:localhost/127.0.0.1:15428] isIdleTimeoutExpired=false isRemotelyClosed=true isTtlExpired=false
[DEBUG] Closing Idle Channel [id: 0xee0af923, L:/127.0.0.1:61540 ! R:localhost/127.0.0.1:15428]
[DEBUG] Closed 2 connections out of 2 in 0 ms
[DEBUG] Using new Channel '[id: 0xbc782bbd, L:/127.0.0.1:61565 - R:localhost/127.0.0.1:32891]' for 'POST' to '/session'
[DEBUG] 

Request DefaultHttpRequest(decodeResult: success, version: HTTP/1.1)
POST /session HTTP/1.1
User-Agent: selenium/4.13.0 (java windows)
Content-Length: 351
Content-Type: application/json; charset=utf-8
host: localhost:32891
accept: */*

Response DefaultHttpResponse(decodeResult: success, version: HTTP/1.1)
HTTP/1.1 200 OK
Content-Length: 883
Content-Type: application/json; charset=utf-8
cache-control: no-cache

[DEBUG] Adding key: http://localhost:32891 for channel [id: 0xbc782bbd, L:/127.0.0.1:61565 - R:localhost/127.0.0.1:32891]
[DEBUG] Using new Channel '[id: 0xf57cf1fe, L:/127.0.0.1:61572 - R:localhost/127.0.0.1:61566]' for 'GET' to '/json/version'
[DEBUG] 

Request DefaultFullHttpRequest(decodeResult: success, version: HTTP/1.1, content: EmptyByteBufBE)
GET /json/version HTTP/1.1
User-Agent: selenium/4.13.0 (java windows)
host: localhost:61566
accept: */*

Response DefaultHttpResponse(decodeResult: success, version: HTTP/1.1)
HTTP/1.1 200 OK
Content-Security-Policy: frame-ancestors 'none'
Content-Length: 424
Content-Type: application/json; charset=UTF-8

[DEBUG] Adding key: http://localhost:61566 for channel [id: 0xf57cf1fe, L:/127.0.0.1:61572 - R:localhost/127.0.0.1:61566]
[DEBUG] Using new Channel '[id: 0x40aa9c02, L:/127.0.0.1:61573 - R:localhost/127.0.0.1:61566]' for 'GET' to '/devtools/browser/0836a56a-0548-42bb-bcf5-64cc4e3fb962'
[DEBUG] 

Request DefaultFullHttpRequest(decodeResult: success, version: HTTP/1.1, content: EmptyByteBufBE)
GET /devtools/browser/0836a56a-0548-42bb-bcf5-64cc4e3fb962 HTTP/1.1
upgrade: websocket
connection: upgrade
sec-websocket-key: in4ay8TKQO95mPw51HiLew==
sec-websocket-version: 13
origin: http://localhost:61566
host: localhost:61566
accept: */*
user-agent: AHC/2.1

Response DefaultHttpResponse(decodeResult: success, version: HTTP/1.1)
HTTP/1.1 101 WebSocket Protocol Handshake
Upgrade: WebSocket
Connection: Upgrade
Sec-WebSocket-Accept: gV60udWZUe7E4jAQFyF1t+bxn10=

[DEBUG] Using pooled Channel '[id: 0xbc782bbd, L:/127.0.0.1:61565 - R:localhost/127.0.0.1:32891]' for 'POST' to 'http://localhost:32891/session/dad4cd86edfb2ee0080f5d42df07aa40/window/maximize'
[DEBUG] Using open Channel [id: 0xbc782bbd, L:/127.0.0.1:61565 - R:localhost/127.0.0.1:32891] for POST '/session/dad4cd86edfb2ee0080f5d42df07aa40/window/maximize'
[DEBUG] 

Request DefaultHttpRequest(decodeResult: success, version: HTTP/1.1)
POST /session/dad4cd86edfb2ee0080f5d42df07aa40/window/maximize HTTP/1.1
User-Agent: selenium/4.13.0 (java windows)
Content-Length: 3
Content-Type: application/json; charset=utf-8
host: localhost:32891
accept: */*

Response DefaultHttpResponse(decodeResult: success, version: HTTP/1.1)
HTTP/1.1 200 OK
Content-Length: 51
Content-Type: application/json; charset=utf-8
cache-control: no-cache

[DEBUG] Adding key: http://localhost:32891 for channel [id: 0xbc782bbd, L:/127.0.0.1:61565 - R:localhost/127.0.0.1:32891]
[DEBUG] Using pooled Channel '[id: 0xbc782bbd, L:/127.0.0.1:61565 - R:localhost/127.0.0.1:32891]' for 'POST' to 'http://localhost:32891/session/dad4cd86edfb2ee0080f5d42df07aa40/timeouts'
[DEBUG] Using open Channel [id: 0xbc782bbd, L:/127.0.0.1:61565 - R:localhost/127.0.0.1:32891] for POST '/session/dad4cd86edfb2ee0080f5d42df07aa40/timeouts'
[DEBUG] 

Request DefaultHttpRequest(decodeResult: success, version: HTTP/1.1)
POST /session/dad4cd86edfb2ee0080f5d42df07aa40/timeouts HTTP/1.1
User-Agent: selenium/4.13.0 (java windows)
Content-Length: 23
Content-Type: application/json; charset=utf-8
host: localhost:32891
accept: */*

Response DefaultHttpResponse(decodeResult: success, version: HTTP/1.1)
HTTP/1.1 200 OK
Content-Length: 14
Content-Type: application/json; charset=utf-8
cache-control: no-cache

[DEBUG] Adding key: http://localhost:32891 for channel [id: 0xbc782bbd, L:/127.0.0.1:61565 - R:localhost/127.0.0.1:32891]
[DEBUG] Using pooled Channel '[id: 0xbc782bbd, L:/127.0.0.1:61565 - R:localhost/127.0.0.1:32891]' for 'POST' to 'http://localhost:32891/session/dad4cd86edfb2ee0080f5d42df07aa40/timeouts'
[DEBUG] Using open Channel [id: 0xbc782bbd, L:/127.0.0.1:61565 - R:localhost/127.0.0.1:32891] for POST '/session/dad4cd86edfb2ee0080f5d42df07aa40/timeouts'
[DEBUG] 

Request DefaultHttpRequest(decodeResult: success, version: HTTP/1.1)
POST /session/dad4cd86edfb2ee0080f5d42df07aa40/timeouts HTTP/1.1
User-Agent: selenium/4.13.0 (java windows)
Content-Length: 23
Content-Type: application/json; charset=utf-8
host: localhost:32891
accept: */*

Response DefaultHttpResponse(decodeResult: success, version: HTTP/1.1)
HTTP/1.1 200 OK
Content-Length: 14
Content-Type: application/json; charset=utf-8
cache-control: no-cache

[DEBUG] Adding key: http://localhost:32891 for channel [id: 0xbc782bbd, L:/127.0.0.1:61565 - R:localhost/127.0.0.1:32891]
[DEBUG] Using pooled Channel '[id: 0xbc782bbd, L:/127.0.0.1:61565 - R:localhost/127.0.0.1:32891]' for 'POST' to 'http://localhost:32891/session/dad4cd86edfb2ee0080f5d42df07aa40/url'
[DEBUG] Using open Channel [id: 0xbc782bbd, L:/127.0.0.1:61565 - R:localhost/127.0.0.1:32891] for POST '/session/dad4cd86edfb2ee0080f5d42df07aa40/url'
[DEBUG] Entry count for : http://localhost:61566 : 1
[DEBUG] Entry count for : http://localhost:61566 : 1
[DEBUG] Entry count for : http://localhost:61566 : 1
[DEBUG] 

Request DefaultHttpRequest(decodeResult: success, version: HTTP/1.1)
POST /session/dad4cd86edfb2ee0080f5d42df07aa40/url HTTP/1.1
User-Agent: selenium/4.13.0 (java windows)
Content-Length: 60
Content-Type: application/json; charset=utf-8
host: localhost:32891
accept: */*

Response DefaultHttpResponse(decodeResult: success, version: HTTP/1.1)
HTTP/1.1 200 OK
Content-Length: 14
Content-Type: application/json; charset=utf-8
cache-control: no-cache

[DEBUG] Adding key: http://localhost:32891 for channel [id: 0xbc782bbd, L:/127.0.0.1:61565 - R:localhost/127.0.0.1:32891]
[DEBUG] Using pooled Channel '[id: 0xbc782bbd, L:/127.0.0.1:61565 - R:localhost/127.0.0.1:32891]' for 'POST' to 'http://localhost:32891/session/dad4cd86edfb2ee0080f5d42df07aa40/element'
[DEBUG] Using open Channel [id: 0xbc782bbd, L:/127.0.0.1:61565 - R:localhost/127.0.0.1:32891] for POST '/session/dad4cd86edfb2ee0080f5d42df07aa40/element'
[DEBUG] 

Request DefaultHttpRequest(decodeResult: success, version: HTTP/1.1)
POST /session/dad4cd86edfb2ee0080f5d42df07aa40/element HTTP/1.1
User-Agent: selenium/4.13.0 (java windows)
Content-Length: 76
Content-Type: application/json; charset=utf-8
host: localhost:32891
accept: */*

Response DefaultHttpResponse(decodeResult: success, version: HTTP/1.1)
HTTP/1.1 200 OK
Content-Length: 126
Content-Type: application/json; charset=utf-8
cache-control: no-cache

[DEBUG] Adding key: http://localhost:32891 for channel [id: 0xbc782bbd, L:/127.0.0.1:61565 - R:localhost/127.0.0.1:32891]
[DEBUG] Using pooled Channel '[id: 0xbc782bbd, L:/127.0.0.1:61565 - R:localhost/127.0.0.1:32891]' for 'POST' to 'http://localhost:32891/session/dad4cd86edfb2ee0080f5d42df07aa40/element/f.6377003F68A414B043DF967986589C8F.d.25AF63ECBAA271FA6A5C268266F21945.e.89/click'
[DEBUG] Using open Channel [id: 0xbc782bbd, L:/127.0.0.1:61565 - R:localhost/127.0.0.1:32891] for POST '/session/dad4cd86edfb2ee0080f5d42df07aa40/element/f.6377003F68A414B043DF967986589C8F.d.25AF63ECBAA271FA6A5C268266F21945.e.89/click'
[DEBUG] 

Request DefaultHttpRequest(decodeResult: success, version: HTTP/1.1)
POST /session/dad4cd86edfb2ee0080f5d42df07aa40/element/f.6377003F68A414B043DF967986589C8F.d.25AF63ECBAA271FA6A5C268266F21945.e.89/click HTTP/1.1
User-Agent: selenium/4.13.0 (java windows)
Content-Length: 88
Content-Type: application/json; charset=utf-8
host: localhost:32891
accept: */*

Response DefaultHttpResponse(decodeResult: success, version: HTTP/1.1)
HTTP/1.1 200 OK
Content-Length: 14
Content-Type: application/json; charset=utf-8
cache-control: no-cache

[DEBUG] Adding key: http://localhost:32891 for channel [id: 0xbc782bbd, L:/127.0.0.1:61565 - R:localhost/127.0.0.1:32891]
[DEBUG] Using pooled Channel '[id: 0xbc782bbd, L:/127.0.0.1:61565 - R:localhost/127.0.0.1:32891]' for 'POST' to 'http://localhost:32891/session/dad4cd86edfb2ee0080f5d42df07aa40/element'
[DEBUG] Using open Channel [id: 0xbc782bbd, L:/127.0.0.1:61565 - R:localhost/127.0.0.1:32891] for POST '/session/dad4cd86edfb2ee0080f5d42df07aa40/element'
[DEBUG] 

Request DefaultHttpRequest(decodeResult: success, version: HTTP/1.1)
POST /session/dad4cd86edfb2ee0080f5d42df07aa40/element HTTP/1.1
User-Agent: selenium/4.13.0 (java windows)
Content-Length: 49
Content-Type: application/json; charset=utf-8
host: localhost:32891
accept: */*

Response DefaultHttpResponse(decodeResult: success, version: HTTP/1.1)
HTTP/1.1 200 OK
Content-Length: 126
Content-Type: application/json; charset=utf-8
cache-control: no-cache

[DEBUG] Adding key: http://localhost:32891 for channel [id: 0xbc782bbd, L:/127.0.0.1:61565 - R:localhost/127.0.0.1:32891]
[DEBUG] Using pooled Channel '[id: 0xbc782bbd, L:/127.0.0.1:61565 - R:localhost/127.0.0.1:32891]' for 'POST' to 'http://localhost:32891/session/dad4cd86edfb2ee0080f5d42df07aa40/element/f.6377003F68A414B043DF967986589C8F.d.25AF63ECBAA271FA6A5C268266F21945.e.94/click'
[DEBUG] Using open Channel [id: 0xbc782bbd, L:/127.0.0.1:61565 - R:localhost/127.0.0.1:32891] for POST '/session/dad4cd86edfb2ee0080f5d42df07aa40/element/f.6377003F68A414B043DF967986589C8F.d.25AF63ECBAA271FA6A5C268266F21945.e.94/click'
[DEBUG] Entry count for : http://localhost:61566 : 1
[DEBUG] 

Request DefaultHttpRequest(decodeResult: success, version: HTTP/1.1)
POST /session/dad4cd86edfb2ee0080f5d42df07aa40/element/f.6377003F68A414B043DF967986589C8F.d.25AF63ECBAA271FA6A5C268266F21945.e.94/click HTTP/1.1
User-Agent: selenium/4.13.0 (java windows)
Content-Length: 88
Content-Type: application/json; charset=utf-8
host: localhost:32891
accept: */*

Response DefaultHttpResponse(decodeResult: success, version: HTTP/1.1)
HTTP/1.1 200 OK
Content-Length: 14
Content-Type: application/json; charset=utf-8
cache-control: no-cache

[DEBUG] Adding key: http://localhost:32891 for channel [id: 0xbc782bbd, L:/127.0.0.1:61565 - R:localhost/127.0.0.1:32891]
[DEBUG] Using pooled Channel '[id: 0xbc782bbd, L:/127.0.0.1:61565 - R:localhost/127.0.0.1:32891]' for 'POST' to 'http://localhost:32891/session/dad4cd86edfb2ee0080f5d42df07aa40/element'
[DEBUG] Using open Channel [id: 0xbc782bbd, L:/127.0.0.1:61565 - R:localhost/127.0.0.1:32891] for POST '/session/dad4cd86edfb2ee0080f5d42df07aa40/element'
[DEBUG] 

Request DefaultHttpRequest(decodeResult: success, version: HTTP/1.1)
POST /session/dad4cd86edfb2ee0080f5d42df07aa40/element HTTP/1.1
User-Agent: selenium/4.13.0 (java windows)
Content-Length: 62
Content-Type: application/json; charset=utf-8
host: localhost:32891
accept: */*

Response DefaultHttpResponse(decodeResult: success, version: HTTP/1.1)
HTTP/1.1 200 OK
Content-Length: 126
Content-Type: application/json; charset=utf-8
cache-control: no-cache

[DEBUG] Adding key: http://localhost:32891 for channel [id: 0xbc782bbd, L:/127.0.0.1:61565 - R:localhost/127.0.0.1:32891]
[DEBUG] Using pooled Channel '[id: 0xbc782bbd, L:/127.0.0.1:61565 - R:localhost/127.0.0.1:32891]' for 'POST' to 'http://localhost:32891/session/dad4cd86edfb2ee0080f5d42df07aa40/element/f.6377003F68A414B043DF967986589C8F.d.E6813A27C558A76C2E7998CC03B12492.e.98/value'
[DEBUG] Using open Channel [id: 0xbc782bbd, L:/127.0.0.1:61565 - R:localhost/127.0.0.1:32891] for POST '/session/dad4cd86edfb2ee0080f5d42df07aa40/element/f.6377003F68A414B043DF967986589C8F.d.E6813A27C558A76C2E7998CC03B12492.e.98/value'
[DEBUG] 

Request DefaultHttpRequest(decodeResult: success, version: HTTP/1.1)
POST /session/dad4cd86edfb2ee0080f5d42df07aa40/element/f.6377003F68A414B043DF967986589C8F.d.E6813A27C558A76C2E7998CC03B12492.e.98/value HTTP/1.1
User-Agent: selenium/4.13.0 (java windows)
Content-Length: 199
Content-Type: application/json; charset=utf-8
host: localhost:32891
accept: */*

Response DefaultHttpResponse(decodeResult: success, version: HTTP/1.1)
HTTP/1.1 200 OK
Content-Length: 14
Content-Type: application/json; charset=utf-8
cache-control: no-cache

[DEBUG] Adding key: http://localhost:32891 for channel [id: 0xbc782bbd, L:/127.0.0.1:61565 - R:localhost/127.0.0.1:32891]
[DEBUG] Using pooled Channel '[id: 0xbc782bbd, L:/127.0.0.1:61565 - R:localhost/127.0.0.1:32891]' for 'POST' to 'http://localhost:32891/session/dad4cd86edfb2ee0080f5d42df07aa40/element'
[DEBUG] Using open Channel [id: 0xbc782bbd, L:/127.0.0.1:61565 - R:localhost/127.0.0.1:32891] for POST '/session/dad4cd86edfb2ee0080f5d42df07aa40/element'
[DEBUG] 

Request DefaultHttpRequest(decodeResult: success, version: HTTP/1.1)
POST /session/dad4cd86edfb2ee0080f5d42df07aa40/element HTTP/1.1
User-Agent: selenium/4.13.0 (java windows)
Content-Length: 61
Content-Type: application/json; charset=utf-8
host: localhost:32891
accept: */*

Response DefaultHttpResponse(decodeResult: success, version: HTTP/1.1)
HTTP/1.1 200 OK
Content-Length: 126
Content-Type: application/json; charset=utf-8
cache-control: no-cache

[DEBUG] Adding key: http://localhost:32891 for channel [id: 0xbc782bbd, L:/127.0.0.1:61565 - R:localhost/127.0.0.1:32891]
[DEBUG] Using pooled Channel '[id: 0xbc782bbd, L:/127.0.0.1:61565 - R:localhost/127.0.0.1:32891]' for 'POST' to 'http://localhost:32891/session/dad4cd86edfb2ee0080f5d42df07aa40/element/f.6377003F68A414B043DF967986589C8F.d.E6813A27C558A76C2E7998CC03B12492.e.99/value'
[DEBUG] Using open Channel [id: 0xbc782bbd, L:/127.0.0.1:61565 - R:localhost/127.0.0.1:32891] for POST '/session/dad4cd86edfb2ee0080f5d42df07aa40/element/f.6377003F68A414B043DF967986589C8F.d.E6813A27C558A76C2E7998CC03B12492.e.99/value'
[DEBUG] 

Request DefaultHttpRequest(decodeResult: success, version: HTTP/1.1)
POST /session/dad4cd86edfb2ee0080f5d42df07aa40/element/f.6377003F68A414B043DF967986589C8F.d.E6813A27C558A76C2E7998CC03B12492.e.99/value HTTP/1.1
User-Agent: selenium/4.13.0 (java windows)
Content-Length: 189
Content-Type: application/json; charset=utf-8
host: localhost:32891
accept: */*

Response DefaultHttpResponse(decodeResult: success, version: HTTP/1.1)
HTTP/1.1 200 OK
Content-Length: 14
Content-Type: application/json; charset=utf-8
cache-control: no-cache

[DEBUG] Adding key: http://localhost:32891 for channel [id: 0xbc782bbd, L:/127.0.0.1:61565 - R:localhost/127.0.0.1:32891]
[DEBUG] Using pooled Channel '[id: 0xbc782bbd, L:/127.0.0.1:61565 - R:localhost/127.0.0.1:32891]' for 'POST' to 'http://localhost:32891/session/dad4cd86edfb2ee0080f5d42df07aa40/element'
[DEBUG] Using open Channel [id: 0xbc782bbd, L:/127.0.0.1:61565 - R:localhost/127.0.0.1:32891] for POST '/session/dad4cd86edfb2ee0080f5d42df07aa40/element'
[DEBUG] 

Request DefaultHttpRequest(decodeResult: success, version: HTTP/1.1)
POST /session/dad4cd86edfb2ee0080f5d42df07aa40/element HTTP/1.1
User-Agent: selenium/4.13.0 (java windows)
Content-Length: 58
Content-Type: application/json; charset=utf-8
host: localhost:32891
accept: */*

Response DefaultHttpResponse(decodeResult: success, version: HTTP/1.1)
HTTP/1.1 200 OK
Content-Length: 127
Content-Type: application/json; charset=utf-8
cache-control: no-cache

[DEBUG] Adding key: http://localhost:32891 for channel [id: 0xbc782bbd, L:/127.0.0.1:61565 - R:localhost/127.0.0.1:32891]
[DEBUG] Using pooled Channel '[id: 0xbc782bbd, L:/127.0.0.1:61565 - R:localhost/127.0.0.1:32891]' for 'POST' to 'http://localhost:32891/session/dad4cd86edfb2ee0080f5d42df07aa40/element/f.6377003F68A414B043DF967986589C8F.d.E6813A27C558A76C2E7998CC03B12492.e.100/value'
[DEBUG] Using open Channel [id: 0xbc782bbd, L:/127.0.0.1:61565 - R:localhost/127.0.0.1:32891] for POST '/session/dad4cd86edfb2ee0080f5d42df07aa40/element/f.6377003F68A414B043DF967986589C8F.d.E6813A27C558A76C2E7998CC03B12492.e.100/value'
[DEBUG] 

Request DefaultHttpRequest(decodeResult: success, version: HTTP/1.1)
POST /session/dad4cd86edfb2ee0080f5d42df07aa40/element/f.6377003F68A414B043DF967986589C8F.d.E6813A27C558A76C2E7998CC03B12492.e.100/value HTTP/1.1
User-Agent: selenium/4.13.0 (java windows)
Content-Length: 390
Content-Type: application/json; charset=utf-8
host: localhost:32891
accept: */*

Response DefaultHttpResponse(decodeResult: success, version: HTTP/1.1)
HTTP/1.1 200 OK
Content-Length: 14
Content-Type: application/json; charset=utf-8
cache-control: no-cache

[DEBUG] Adding key: http://localhost:32891 for channel [id: 0xbc782bbd, L:/127.0.0.1:61565 - R:localhost/127.0.0.1:32891]
[DEBUG] Using pooled Channel '[id: 0xbc782bbd, L:/127.0.0.1:61565 - R:localhost/127.0.0.1:32891]' for 'POST' to 'http://localhost:32891/session/dad4cd86edfb2ee0080f5d42df07aa40/element'
[DEBUG] Using open Channel [id: 0xbc782bbd, L:/127.0.0.1:61565 - R:localhost/127.0.0.1:32891] for POST '/session/dad4cd86edfb2ee0080f5d42df07aa40/element'
[DEBUG] 

Request DefaultHttpRequest(decodeResult: success, version: HTTP/1.1)
POST /session/dad4cd86edfb2ee0080f5d42df07aa40/element HTTP/1.1
User-Agent: selenium/4.13.0 (java windows)
Content-Length: 62
Content-Type: application/json; charset=utf-8
host: localhost:32891
accept: */*

Response DefaultHttpResponse(decodeResult: success, version: HTTP/1.1)
HTTP/1.1 200 OK
Content-Length: 127
Content-Type: application/json; charset=utf-8
cache-control: no-cache

[DEBUG] Adding key: http://localhost:32891 for channel [id: 0xbc782bbd, L:/127.0.0.1:61565 - R:localhost/127.0.0.1:32891]
[DEBUG] Using pooled Channel '[id: 0xbc782bbd, L:/127.0.0.1:61565 - R:localhost/127.0.0.1:32891]' for 'POST' to 'http://localhost:32891/session/dad4cd86edfb2ee0080f5d42df07aa40/element/f.6377003F68A414B043DF967986589C8F.d.E6813A27C558A76C2E7998CC03B12492.e.101/value'
[DEBUG] Using open Channel [id: 0xbc782bbd, L:/127.0.0.1:61565 - R:localhost/127.0.0.1:32891] for POST '/session/dad4cd86edfb2ee0080f5d42df07aa40/element/f.6377003F68A414B043DF967986589C8F.d.E6813A27C558A76C2E7998CC03B12492.e.101/value'
[DEBUG] 

Request DefaultHttpRequest(decodeResult: success, version: HTTP/1.1)
POST /session/dad4cd86edfb2ee0080f5d42df07aa40/element/f.6377003F68A414B043DF967986589C8F.d.E6813A27C558A76C2E7998CC03B12492.e.101/value HTTP/1.1
User-Agent: selenium/4.13.0 (java windows)
Content-Length: 230
Content-Type: application/json; charset=utf-8
host: localhost:32891
accept: */*

Response DefaultHttpResponse(decodeResult: success, version: HTTP/1.1)
HTTP/1.1 200 OK
Content-Length: 14
Content-Type: application/json; charset=utf-8
cache-control: no-cache

[DEBUG] Adding key: http://localhost:32891 for channel [id: 0xbc782bbd, L:/127.0.0.1:61565 - R:localhost/127.0.0.1:32891]
[DEBUG] Using pooled Channel '[id: 0xbc782bbd, L:/127.0.0.1:61565 - R:localhost/127.0.0.1:32891]' for 'POST' to 'http://localhost:32891/session/dad4cd86edfb2ee0080f5d42df07aa40/element'
[DEBUG] Using open Channel [id: 0xbc782bbd, L:/127.0.0.1:61565 - R:localhost/127.0.0.1:32891] for POST '/session/dad4cd86edfb2ee0080f5d42df07aa40/element'
[DEBUG] 

Request DefaultHttpRequest(decodeResult: success, version: HTTP/1.1)
POST /session/dad4cd86edfb2ee0080f5d42df07aa40/element HTTP/1.1
User-Agent: selenium/4.13.0 (java windows)
Content-Length: 61
Content-Type: application/json; charset=utf-8
host: localhost:32891
accept: */*

Response DefaultHttpResponse(decodeResult: success, version: HTTP/1.1)
HTTP/1.1 200 OK
Content-Length: 127
Content-Type: application/json; charset=utf-8
cache-control: no-cache

[DEBUG] Adding key: http://localhost:32891 for channel [id: 0xbc782bbd, L:/127.0.0.1:61565 - R:localhost/127.0.0.1:32891]
[DEBUG] Using pooled Channel '[id: 0xbc782bbd, L:/127.0.0.1:61565 - R:localhost/127.0.0.1:32891]' for 'POST' to 'http://localhost:32891/session/dad4cd86edfb2ee0080f5d42df07aa40/element/f.6377003F68A414B043DF967986589C8F.d.E6813A27C558A76C2E7998CC03B12492.e.102/value'
[DEBUG] Using open Channel [id: 0xbc782bbd, L:/127.0.0.1:61565 - R:localhost/127.0.0.1:32891] for POST '/session/dad4cd86edfb2ee0080f5d42df07aa40/element/f.6377003F68A414B043DF967986589C8F.d.E6813A27C558A76C2E7998CC03B12492.e.102/value'
[DEBUG] 

Request DefaultHttpRequest(decodeResult: success, version: HTTP/1.1)
POST /session/dad4cd86edfb2ee0080f5d42df07aa40/element/f.6377003F68A414B043DF967986589C8F.d.E6813A27C558A76C2E7998CC03B12492.e.102/value HTTP/1.1
User-Agent: selenium/4.13.0 (java windows)
Content-Length: 240
Content-Type: application/json; charset=utf-8
host: localhost:32891
accept: */*

Response DefaultHttpResponse(decodeResult: success, version: HTTP/1.1)
HTTP/1.1 200 OK
Content-Length: 14
Content-Type: application/json; charset=utf-8
cache-control: no-cache

[DEBUG] Adding key: http://localhost:32891 for channel [id: 0xbc782bbd, L:/127.0.0.1:61565 - R:localhost/127.0.0.1:32891]
[DEBUG] Using pooled Channel '[id: 0xbc782bbd, L:/127.0.0.1:61565 - R:localhost/127.0.0.1:32891]' for 'POST' to 'http://localhost:32891/session/dad4cd86edfb2ee0080f5d42df07aa40/element'
[DEBUG] Using open Channel [id: 0xbc782bbd, L:/127.0.0.1:61565 - R:localhost/127.0.0.1:32891] for POST '/session/dad4cd86edfb2ee0080f5d42df07aa40/element'
[DEBUG] 

Request DefaultHttpRequest(decodeResult: success, version: HTTP/1.1)
POST /session/dad4cd86edfb2ee0080f5d42df07aa40/element HTTP/1.1
User-Agent: selenium/4.13.0 (java windows)
Content-Length: 60
Content-Type: application/json; charset=utf-8
host: localhost:32891
accept: */*

Response DefaultHttpResponse(decodeResult: success, version: HTTP/1.1)
HTTP/1.1 200 OK
Content-Length: 127
Content-Type: application/json; charset=utf-8
cache-control: no-cache

[DEBUG] Adding key: http://localhost:32891 for channel [id: 0xbc782bbd, L:/127.0.0.1:61565 - R:localhost/127.0.0.1:32891]
[DEBUG] Using pooled Channel '[id: 0xbc782bbd, L:/127.0.0.1:61565 - R:localhost/127.0.0.1:32891]' for 'POST' to 'http://localhost:32891/session/dad4cd86edfb2ee0080f5d42df07aa40/element/f.6377003F68A414B043DF967986589C8F.d.E6813A27C558A76C2E7998CC03B12492.e.103/value'
[DEBUG] Using open Channel [id: 0xbc782bbd, L:/127.0.0.1:61565 - R:localhost/127.0.0.1:32891] for POST '/session/dad4cd86edfb2ee0080f5d42df07aa40/element/f.6377003F68A414B043DF967986589C8F.d.E6813A27C558A76C2E7998CC03B12492.e.103/value'
[DEBUG] 

Request DefaultHttpRequest(decodeResult: success, version: HTTP/1.1)
POST /session/dad4cd86edfb2ee0080f5d42df07aa40/element/f.6377003F68A414B043DF967986589C8F.d.E6813A27C558A76C2E7998CC03B12492.e.103/value HTTP/1.1
User-Agent: selenium/4.13.0 (java windows)
Content-Length: 240
Content-Type: application/json; charset=utf-8
host: localhost:32891
accept: */*

Response DefaultHttpResponse(decodeResult: success, version: HTTP/1.1)
HTTP/1.1 200 OK
Content-Length: 14
Content-Type: application/json; charset=utf-8
cache-control: no-cache

[DEBUG] Adding key: http://localhost:32891 for channel [id: 0xbc782bbd, L:/127.0.0.1:61565 - R:localhost/127.0.0.1:32891]
[DEBUG] Using pooled Channel '[id: 0xbc782bbd, L:/127.0.0.1:61565 - R:localhost/127.0.0.1:32891]' for 'POST' to 'http://localhost:32891/session/dad4cd86edfb2ee0080f5d42df07aa40/element'
[DEBUG] Using open Channel [id: 0xbc782bbd, L:/127.0.0.1:61565 - R:localhost/127.0.0.1:32891] for POST '/session/dad4cd86edfb2ee0080f5d42df07aa40/element'
[DEBUG] 

Request DefaultHttpRequest(decodeResult: success, version: HTTP/1.1)
POST /session/dad4cd86edfb2ee0080f5d42df07aa40/element HTTP/1.1
User-Agent: selenium/4.13.0 (java windows)
Content-Length: 90
Content-Type: application/json; charset=utf-8
host: localhost:32891
accept: */*

Response DefaultHttpResponse(decodeResult: success, version: HTTP/1.1)
HTTP/1.1 200 OK
Content-Length: 127
Content-Type: application/json; charset=utf-8
cache-control: no-cache

[DEBUG] Adding key: http://localhost:32891 for channel [id: 0xbc782bbd, L:/127.0.0.1:61565 - R:localhost/127.0.0.1:32891]
[DEBUG] Using pooled Channel '[id: 0xbc782bbd, L:/127.0.0.1:61565 - R:localhost/127.0.0.1:32891]' for 'POST' to 'http://localhost:32891/session/dad4cd86edfb2ee0080f5d42df07aa40/element/f.6377003F68A414B043DF967986589C8F.d.E6813A27C558A76C2E7998CC03B12492.e.104/click'
[DEBUG] Using open Channel [id: 0xbc782bbd, L:/127.0.0.1:61565 - R:localhost/127.0.0.1:32891] for POST '/session/dad4cd86edfb2ee0080f5d42df07aa40/element/f.6377003F68A414B043DF967986589C8F.d.E6813A27C558A76C2E7998CC03B12492.e.104/click'
[DEBUG] 

Request DefaultHttpRequest(decodeResult: success, version: HTTP/1.1)
POST /session/dad4cd86edfb2ee0080f5d42df07aa40/element/f.6377003F68A414B043DF967986589C8F.d.E6813A27C558A76C2E7998CC03B12492.e.104/click HTTP/1.1
User-Agent: selenium/4.13.0 (java windows)
Content-Length: 89
Content-Type: application/json; charset=utf-8
host: localhost:32891
accept: */*

Response DefaultHttpResponse(decodeResult: success, version: HTTP/1.1)
HTTP/1.1 200 OK
Content-Length: 14
Content-Type: application/json; charset=utf-8
cache-control: no-cache

[DEBUG] Adding key: http://localhost:32891 for channel [id: 0xbc782bbd, L:/127.0.0.1:61565 - R:localhost/127.0.0.1:32891]
[DEBUG] Using pooled Channel '[id: 0xbc782bbd, L:/127.0.0.1:61565 - R:localhost/127.0.0.1:32891]' for 'POST' to 'http://localhost:32891/session/dad4cd86edfb2ee0080f5d42df07aa40/element'
[DEBUG] Using open Channel [id: 0xbc782bbd, L:/127.0.0.1:61565 - R:localhost/127.0.0.1:32891] for POST '/session/dad4cd86edfb2ee0080f5d42df07aa40/element'
[DEBUG] 

Request DefaultHttpRequest(decodeResult: success, version: HTTP/1.1)
POST /session/dad4cd86edfb2ee0080f5d42df07aa40/element HTTP/1.1
User-Agent: selenium/4.13.0 (java windows)
Content-Length: 59
Content-Type: application/json; charset=utf-8
host: localhost:32891
accept: */*

Response DefaultHttpResponse(decodeResult: success, version: HTTP/1.1)
HTTP/1.1 200 OK
Content-Length: 127
Content-Type: application/json; charset=utf-8
cache-control: no-cache

[DEBUG] Adding key: http://localhost:32891 for channel [id: 0xbc782bbd, L:/127.0.0.1:61565 - R:localhost/127.0.0.1:32891]
[DEBUG] Using pooled Channel '[id: 0xbc782bbd, L:/127.0.0.1:61565 - R:localhost/127.0.0.1:32891]' for 'POST' to 'http://localhost:32891/session/dad4cd86edfb2ee0080f5d42df07aa40/element/f.6377003F68A414B043DF967986589C8F.d.E6813A27C558A76C2E7998CC03B12492.e.107/click'
[DEBUG] Using open Channel [id: 0xbc782bbd, L:/127.0.0.1:61565 - R:localhost/127.0.0.1:32891] for POST '/session/dad4cd86edfb2ee0080f5d42df07aa40/element/f.6377003F68A414B043DF967986589C8F.d.E6813A27C558A76C2E7998CC03B12492.e.107/click'
[DEBUG] Entry count for : http://localhost:61566 : 1
[DEBUG] 

Request DefaultHttpRequest(decodeResult: success, version: HTTP/1.1)
POST /session/dad4cd86edfb2ee0080f5d42df07aa40/element/f.6377003F68A414B043DF967986589C8F.d.E6813A27C558A76C2E7998CC03B12492.e.107/click HTTP/1.1
User-Agent: selenium/4.13.0 (java windows)
Content-Length: 89
Content-Type: application/json; charset=utf-8
host: localhost:32891
accept: */*

Response DefaultHttpResponse(decodeResult: success, version: HTTP/1.1)
HTTP/1.1 200 OK
Content-Length: 14
Content-Type: application/json; charset=utf-8
cache-control: no-cache

[DEBUG] Adding key: http://localhost:32891 for channel [id: 0xbc782bbd, L:/127.0.0.1:61565 - R:localhost/127.0.0.1:32891]
[DEBUG] Using pooled Channel '[id: 0xbc782bbd, L:/127.0.0.1:61565 - R:localhost/127.0.0.1:32891]' for 'POST' to 'http://localhost:32891/session/dad4cd86edfb2ee0080f5d42df07aa40/element'
[DEBUG] Using open Channel [id: 0xbc782bbd, L:/127.0.0.1:61565 - R:localhost/127.0.0.1:32891] for POST '/session/dad4cd86edfb2ee0080f5d42df07aa40/element'
[DEBUG] 

Request DefaultHttpRequest(decodeResult: success, version: HTTP/1.1)
POST /session/dad4cd86edfb2ee0080f5d42df07aa40/element HTTP/1.1
User-Agent: selenium/4.13.0 (java windows)
Content-Length: 65
Content-Type: application/json; charset=utf-8
host: localhost:32891
accept: */*

Response DefaultHttpResponse(decodeResult: success, version: HTTP/1.1)
HTTP/1.1 200 OK
Content-Length: 127
Content-Type: application/json; charset=utf-8
cache-control: no-cache

[DEBUG] Adding key: http://localhost:32891 for channel [id: 0xbc782bbd, L:/127.0.0.1:61565 - R:localhost/127.0.0.1:32891]
[DEBUG] Using pooled Channel '[id: 0xbc782bbd, L:/127.0.0.1:61565 - R:localhost/127.0.0.1:32891]' for 'POST' to 'http://localhost:32891/session/dad4cd86edfb2ee0080f5d42df07aa40/element/f.6377003F68A414B043DF967986589C8F.d.E6813A27C558A76C2E7998CC03B12492.e.119/click'
[DEBUG] Using open Channel [id: 0xbc782bbd, L:/127.0.0.1:61565 - R:localhost/127.0.0.1:32891] for POST '/session/dad4cd86edfb2ee0080f5d42df07aa40/element/f.6377003F68A414B043DF967986589C8F.d.E6813A27C558A76C2E7998CC03B12492.e.119/click'
[DEBUG] 

Request DefaultHttpRequest(decodeResult: success, version: HTTP/1.1)
POST /session/dad4cd86edfb2ee0080f5d42df07aa40/element/f.6377003F68A414B043DF967986589C8F.d.E6813A27C558A76C2E7998CC03B12492.e.119/click HTTP/1.1
User-Agent: selenium/4.13.0 (java windows)
Content-Length: 89
Content-Type: application/json; charset=utf-8
host: localhost:32891
accept: */*

Response DefaultHttpResponse(decodeResult: success, version: HTTP/1.1)
HTTP/1.1 200 OK
Content-Length: 14
Content-Type: application/json; charset=utf-8
cache-control: no-cache

[DEBUG] Adding key: http://localhost:32891 for channel [id: 0xbc782bbd, L:/127.0.0.1:61565 - R:localhost/127.0.0.1:32891]
[DEBUG] Using pooled Channel '[id: 0xbc782bbd, L:/127.0.0.1:61565 - R:localhost/127.0.0.1:32891]' for 'POST' to 'http://localhost:32891/session/dad4cd86edfb2ee0080f5d42df07aa40/element'
[DEBUG] Using open Channel [id: 0xbc782bbd, L:/127.0.0.1:61565 - R:localhost/127.0.0.1:32891] for POST '/session/dad4cd86edfb2ee0080f5d42df07aa40/element'
[DEBUG] Entry count for : http://localhost:61566 : 1
[DEBUG] 

Request DefaultHttpRequest(decodeResult: success, version: HTTP/1.1)
POST /session/dad4cd86edfb2ee0080f5d42df07aa40/element HTTP/1.1
User-Agent: selenium/4.13.0 (java windows)
Content-Length: 77
Content-Type: application/json; charset=utf-8
host: localhost:32891
accept: */*

Response DefaultHttpResponse(decodeResult: success, version: HTTP/1.1)
HTTP/1.1 200 OK
Content-Length: 127
Content-Type: application/json; charset=utf-8
cache-control: no-cache

[DEBUG] Adding key: http://localhost:32891 for channel [id: 0xbc782bbd, L:/127.0.0.1:61565 - R:localhost/127.0.0.1:32891]
[DEBUG] Using pooled Channel '[id: 0xbc782bbd, L:/127.0.0.1:61565 - R:localhost/127.0.0.1:32891]' for 'GET' to 'http://localhost:32891/session/dad4cd86edfb2ee0080f5d42df07aa40/element/f.6377003F68A414B043DF967986589C8F.d.66750E60B703D034700478B037A3E169.e.159/text'
[DEBUG] Using open Channel [id: 0xbc782bbd, L:/127.0.0.1:61565 - R:localhost/127.0.0.1:32891] for GET '/session/dad4cd86edfb2ee0080f5d42df07aa40/element/f.6377003F68A414B043DF967986589C8F.d.66750E60B703D034700478B037A3E169.e.159/text'
[DEBUG] 

Request DefaultFullHttpRequest(decodeResult: success, version: HTTP/1.1, content: EmptyByteBufBE)
GET /session/dad4cd86edfb2ee0080f5d42df07aa40/element/f.6377003F68A414B043DF967986589C8F.d.66750E60B703D034700478B037A3E169.e.159/text HTTP/1.1
Cache-Control: no-cache
User-Agent: selenium/4.13.0 (java windows)
Content-Type: application/json; charset=utf-8
host: localhost:32891
accept: */*

Response DefaultHttpResponse(decodeResult: success, version: HTTP/1.1)
HTTP/1.1 200 OK
Content-Length: 28
Content-Type: application/json; charset=utf-8
cache-control: no-cache

[DEBUG] Adding key: http://localhost:32891 for channel [id: 0xbc782bbd, L:/127.0.0.1:61565 - R:localhost/127.0.0.1:32891]
]]></system-out>
    <system-err><![CDATA[Aug 20, 2024 9:57:58 AM org.openqa.selenium.devtools.CdpVersionFinder findNearestMatch
WARNING: Unable to find CDP implementation matching 127
Aug 20, 2024 9:57:58 AM org.openqa.selenium.chromium.ChromiumDriver lambda$new$5
WARNING: Unable to find version of CDP to use for 127.0.6533.101. You may need to include a dependency on a specific version of the CDP using something similar to `org.seleniumhq.selenium:selenium-devtools-v86:4.13.0` where the version ("v86") matches the version of the chromium-based browser you're using and the version number of the artifact is the same as Selenium's.
]]></system-err>
  </testcase>
  <testcase name="verifySearchWithoutAnyContent" classname="com.qa.ninjatutorials.testcases.SearchTest" time="0.508"/>
  <testcase name="verifySearchWithInvalidProduct" classname="com.qa.ninjatutorials.testcases.SearchTest" time="0.57"/>
  <testcase name="verifySearchWithValidProduct" classname="com.qa.ninjatutorials.testcases.SearchTest" time="0.881"/>
</testsuite>