<?xml version="1.0" encoding="UTF-8"?>
<!-- Generated by org.testng.reporters.JUnitReportReporter -->
<testsuite hostname="Waqas" failures="0" tests="6" name="com.qa.ninjatutorials.testcases.LoginTest" time="36.485" errors="0" timestamp="2024-08-13T10:07:47 EDT" skipped="0">
  <testcase classname="com.qa.ninjatutorials.testcases.LoginTest" name="verifyLoginWithNoCredentials" time="6.820"/>
  <system-out/>
  <testcase classname="com.qa.ninjatutorials.testcases.LoginTest" name="verifyInvalidEmailNoPassword" time="5.744"/>
  <system-out/>
  <testcase classname="com.qa.ninjatutorials.testcases.LoginTest" name="verifyValidEmailNoPassword" time="5.444"/>
  <system-out/>
  <testcase classname="com.qa.ninjatutorials.testcases.LoginTest" name="verifyValidEmailInvalidPassword" time="5.957"/>
  <system-out/>
  <testcase classname="com.qa.ninjatutorials.testcases.LoginTest" name="verifyLoginWithInvalidCredentials" time="6.209"/>
  <system-out/>
  <testcase classname="com.qa.ninjatutorials.testcases.LoginTest" name="verifyLoginWithValidCredentials" time="6.311"/>
  <system-out/>
</testsuite> <!-- com.qa.ninjatutorials.testcases.LoginTest -->
