<?xml version="1.0" encoding="UTF-8"?>
<!-- Generated by org.testng.reporters.JUnitReportReporter -->
<testsuite hostname="Waqas" failures="0" tests="1" name="com.qa.ninjatutorials.testcases.RegisterTest" time="6.500" errors="0" timestamp="2024-08-07T10:24:21 EDT" skipped="0">
  <testcase classname="com.qa.ninjatutorials.testcases.RegisterTest" name="verifyRegistrationWithoutFillingAnyDetails" time="6.500"/>
  <system-out/>
</testsuite> <!-- com.qa.ninjatutorials.testcases.RegisterTest -->
