<?xml version="1.0" encoding="UTF-8"?>
<!-- Generated by org.testng.reporters.JUnitReportReporter -->
<testsuite hostname="Waqas" failures="0" tests="3" name="com.qa.ninjatutorials.testcases.SearchTest" time="16.526" errors="0" timestamp="2024-08-09T11:02:30 EDT" skipped="0">
  <testcase classname="com.qa.ninjatutorials.testcases.SearchTest" name="verifySearchWithoutAnyContent" time="4.855"/>
  <system-out/>
  <testcase classname="com.qa.ninjatutorials.testcases.SearchTest" name="verifySearchWithInvalidProduct" time="6.379"/>
  <system-out/>
  <testcase classname="com.qa.ninjatutorials.testcases.SearchTest" name="verifySearchWithValidProduct" time="5.292"/>
  <system-out/>
</testsuite> <!-- com.qa.ninjatutorials.testcases.SearchTest -->
