<?xml version="1.0" encoding="UTF-8"?>
<!-- Generated by org.testng.reporters.JUnitReportReporter -->
<testsuite hostname="Waqas" failures="0" tests="3" name="com.qa.ninjatutorials.testcases.RegisterTest" time="22.259" errors="0" timestamp="2024-08-15T10:39:26 EDT" skipped="0">
  <testcase classname="com.qa.ninjatutorials.testcases.RegisterTest" name="verifyRegistrationWithoutFillingAnyDetails" time="6.576"/>
  <system-out/>
  <testcase classname="com.qa.ninjatutorials.testcases.RegisterTest" name="verifyRegistrationWithMandatoryFields" time="7.902"/>
  <system-out/>
  <testcase classname="com.qa.ninjatutorials.testcases.RegisterTest" name="verifyRegistrationWithAllFields" time="7.781"/>
  <system-out/>
</testsuite> <!-- com.qa.ninjatutorials.testcases.RegisterTest -->
