<?xml version="1.0" encoding="UTF-8"?>
<!-- Generated by org.testng.reporters.JUnitReportReporter -->
<testsuite hostname="Waqas" failures="0" tests="3" name="com.qa.ninjatutorials.testcases.SearchTest" time="16.344" errors="0" timestamp="2024-08-13T10:07:47 EDT" skipped="0">
  <testcase classname="com.qa.ninjatutorials.testcases.SearchTest" name="verifySearchWithoutAnyContent" time="5.148"/>
  <system-out/>
  <testcase classname="com.qa.ninjatutorials.testcases.SearchTest" name="verifySearchWithInvalidProduct" time="5.826"/>
  <system-out/>
  <testcase classname="com.qa.ninjatutorials.testcases.SearchTest" name="verifySearchWithValidProduct" time="5.370"/>
  <system-out/>
</testsuite> <!-- com.qa.ninjatutorials.testcases.SearchTest -->
