<?xml version="1.0" encoding="UTF-8"?>
<!-- Generated by org.testng.reporters.JUnitReportReporter -->
<testsuite hostname="Waqas" failures="0" tests="3" name="com.qa.ninjatutorials.testcases.RegisterTest" time="20.688" errors="0" timestamp="2024-08-13T10:07:47 EDT" skipped="0">
  <testcase classname="com.qa.ninjatutorials.testcases.RegisterTest" name="verifyRegistrationWithoutFillingAnyDetails" time="5.997"/>
  <system-out/>
  <testcase classname="com.qa.ninjatutorials.testcases.RegisterTest" name="verifyRegistrationWithMandatoryFields" time="7.641"/>
  <system-out/>
  <testcase classname="com.qa.ninjatutorials.testcases.RegisterTest" name="verifyRegistrationWithAllFields" time="7.050"/>
  <system-out/>
</testsuite> <!-- com.qa.ninjatutorials.testcases.RegisterTest -->
