<?xml version="1.0" encoding="UTF-8"?>
<!-- Generated by org.testng.reporters.JUnitReportReporter -->
<testsuite skipped="0" hostname="Waqas" name="com.qa.ninjatutorials.testcases.LoginTest" tests="6" failures="0" timestamp="2024-08-20T10:04:35 EDT" time="42.407" errors="0">
  <testcase name="verifyLoginWithNoCredentials" time="9.107" classname="com.qa.ninjatutorials.testcases.LoginTest"/>
  <system-out/>
  <testcase name="verifyInvalidEmailNoPassword" time="6.683" classname="com.qa.ninjatutorials.testcases.LoginTest"/>
  <system-out/>
  <testcase name="verifyValidEmailNoPassword" time="6.801" classname="com.qa.ninjatutorials.testcases.LoginTest"/>
  <system-out/>
  <testcase name="verifyValidEmailInvalidPassword" time="6.620" classname="com.qa.ninjatutorials.testcases.LoginTest"/>
  <system-out/>
  <testcase name="verifyLoginWithInvalidCredentials" time="6.513" classname="com.qa.ninjatutorials.testcases.LoginTest"/>
  <system-out/>
  <testcase name="verifyLoginWithValidCredentials" time="6.683" classname="com.qa.ninjatutorials.testcases.LoginTest"/>
  <system-out/>
</testsuite> <!-- com.qa.ninjatutorials.testcases.LoginTest -->
