<?xml version="1.0" encoding="UTF-8"?>
<!-- Generated by org.testng.reporters.JUnitReportReporter -->
<testsuite skipped="0" hostname="Waqas" name="com.qa.ninjatutorials.testcases.RegisterTest" tests="3" failures="0" timestamp="2024-08-20T10:04:35 EDT" time="22.913" errors="0">
  <testcase name="verifyRegistrationWithoutFillingAnyDetails" time="7.420" classname="com.qa.ninjatutorials.testcases.RegisterTest"/>
  <system-out/>
  <testcase name="verifyRegistrationWithMandatoryFields" time="7.311" classname="com.qa.ninjatutorials.testcases.RegisterTest"/>
  <system-out/>
  <testcase name="verifyRegistrationWithAllFields" time="8.182" classname="com.qa.ninjatutorials.testcases.RegisterTest"/>
  <system-out/>
</testsuite> <!-- com.qa.ninjatutorials.testcases.RegisterTest -->
