<?xml version="1.0" encoding="UTF-8"?>
<!-- Generated by org.testng.reporters.JUnitReportReporter -->
<testsuite skipped="0" hostname="Waqas" name="com.qa.ninjatutorials.testcases.SearchTest" tests="3" failures="0" timestamp="2024-08-20T10:04:35 EDT" time="18.000" errors="0">
  <testcase name="verifySearchWithoutAnyContent" time="5.764" classname="com.qa.ninjatutorials.testcases.SearchTest"/>
  <system-out/>
  <testcase name="verifySearchWithInvalidProduct" time="5.901" classname="com.qa.ninjatutorials.testcases.SearchTest"/>
  <system-out/>
  <testcase name="verifySearchWithValidProduct" time="6.335" classname="com.qa.ninjatutorials.testcases.SearchTest"/>
  <system-out/>
</testsuite> <!-- com.qa.ninjatutorials.testcases.SearchTest -->
