<?xml version="1.0" encoding="UTF-8"?>
<!-- Generated by org.testng.reporters.JUnitReportReporter -->
<testsuite skipped="0" hostname="Waqas" name="com.qa.ninjatutorials.testcases.SearchTest" tests="3" failures="0" timestamp="2024-08-20T09:58:22 EDT" time="17.367" errors="0">
  <testcase name="verifySearchWithoutAnyContent" time="5.579" classname="com.qa.ninjatutorials.testcases.SearchTest"/>
  <system-out/>
  <testcase name="verifySearchWithInvalidProduct" time="5.580" classname="com.qa.ninjatutorials.testcases.SearchTest"/>
  <system-out/>
  <testcase name="verifySearchWithValidProduct" time="6.208" classname="com.qa.ninjatutorials.testcases.SearchTest"/>
  <system-out/>
</testsuite> <!-- com.qa.ninjatutorials.testcases.SearchTest -->
