<?xml version="1.0" encoding="UTF-8"?>
<!-- Generated by org.testng.reporters.JUnitReportReporter -->
<testsuite skipped="0" hostname="Waqas" name="com.qa.ninjatutorials.testcases.LoginTest" tests="6" failures="0" timestamp="2024-08-20T09:58:22 EDT" time="44.582" errors="0">
  <testcase name="verifyLoginWithNoCredentials" time="11.235" classname="com.qa.ninjatutorials.testcases.LoginTest"/>
  <system-out/>
  <testcase name="verifyInvalidEmailNoPassword" time="6.515" classname="com.qa.ninjatutorials.testcases.LoginTest"/>
  <system-out/>
  <testcase name="verifyValidEmailNoPassword" time="6.434" classname="com.qa.ninjatutorials.testcases.LoginTest"/>
  <system-out/>
  <testcase name="verifyValidEmailInvalidPassword" time="6.748" classname="com.qa.ninjatutorials.testcases.LoginTest"/>
  <system-out/>
  <testcase name="verifyLoginWithInvalidCredentials" time="6.568" classname="com.qa.ninjatutorials.testcases.LoginTest"/>
  <system-out/>
  <testcase name="verifyLoginWithValidCredentials" time="7.082" classname="com.qa.ninjatutorials.testcases.LoginTest"/>
  <system-out/>
</testsuite> <!-- com.qa.ninjatutorials.testcases.LoginTest -->
